mode: set
github.com/adnilis/wma/plugins/mysql/batch.go:17.105,19.16 2 1
github.com/adnilis/wma/plugins/mysql/batch.go:19.16,21.3 1 0
github.com/adnilis/wma/plugins/mysql/batch.go:23.2,23.22 1 1
github.com/adnilis/wma/plugins/mysql/batch.go:23.22,25.3 1 1
github.com/adnilis/wma/plugins/mysql/batch.go:27.2,27.20 1 1
github.com/adnilis/wma/plugins/mysql/batch.go:27.20,29.3 1 0
github.com/adnilis/wma/plugins/mysql/batch.go:31.2,34.46 2 1
github.com/adnilis/wma/plugins/mysql/batch.go:34.46,36.24 2 1
github.com/adnilis/wma/plugins/mysql/batch.go:36.24,38.4 1 1
github.com/adnilis/wma/plugins/mysql/batch.go:39.3,42.17 3 1
github.com/adnilis/wma/plugins/mysql/batch.go:42.17,44.4 1 0
github.com/adnilis/wma/plugins/mysql/batch.go:45.3,45.34 1 1
github.com/adnilis/wma/plugins/mysql/batch.go:48.2,48.20 1 1
github.com/adnilis/wma/plugins/mysql/batch.go:52.108,53.21 1 1
github.com/adnilis/wma/plugins/mysql/batch.go:53.21,55.3 1 0
github.com/adnilis/wma/plugins/mysql/batch.go:57.2,58.59 2 1
github.com/adnilis/wma/plugins/mysql/batch.go:58.59,60.3 1 0
github.com/adnilis/wma/plugins/mysql/batch.go:62.2,68.30 4 1
github.com/adnilis/wma/plugins/mysql/batch.go:68.30,72.28 3 1
github.com/adnilis/wma/plugins/mysql/batch.go:72.28,74.4 1 1
github.com/adnilis/wma/plugins/mysql/batch.go:78.2,83.43 6 1
github.com/adnilis/wma/plugins/mysql/batch.go:83.43,84.12 1 1
github.com/adnilis/wma/plugins/mysql/batch.go:84.12,86.4 1 1
github.com/adnilis/wma/plugins/mysql/batch.go:87.3,87.27 1 1
github.com/adnilis/wma/plugins/mysql/batch.go:89.2,90.23 2 1
github.com/adnilis/wma/plugins/mysql/batch.go:90.23,91.12 1 1
github.com/adnilis/wma/plugins/mysql/batch.go:91.12,93.4 1 1
github.com/adnilis/wma/plugins/mysql/batch.go:94.3,94.38 1 1
github.com/adnilis/wma/plugins/mysql/batch.go:97.2,104.16 5 1
github.com/adnilis/wma/plugins/mysql/batch.go:104.16,107.3 2 0
github.com/adnilis/wma/plugins/mysql/batch.go:110.2,111.16 2 1
github.com/adnilis/wma/plugins/mysql/batch.go:111.16,114.3 2 0
github.com/adnilis/wma/plugins/mysql/batch.go:122.2,123.21 2 1
github.com/adnilis/wma/plugins/mysql/batch.go:123.21,125.3 1 1
github.com/adnilis/wma/plugins/mysql/batch.go:127.2,128.17 2 1
github.com/adnilis/wma/plugins/mysql/build.go:44.68,45.14 1 1
github.com/adnilis/wma/plugins/mysql/build.go:46.16,47.29 1 1
github.com/adnilis/wma/plugins/mysql/build.go:47.29,52.18 5 1
github.com/adnilis/wma/plugins/mysql/build.go:52.18,55.5 2 1
github.com/adnilis/wma/plugins/mysql/build.go:56.4,56.42 1 1
github.com/adnilis/wma/plugins/mysql/build.go:58.23,62.30 4 1
github.com/adnilis/wma/plugins/mysql/build.go:62.30,63.14 1 1
github.com/adnilis/wma/plugins/mysql/build.go:63.14,65.5 1 1
github.com/adnilis/wma/plugins/mysql/build.go:65.10,68.88 1 1
github.com/adnilis/wma/plugins/mysql/build.go:68.88,70.6 1 1
github.com/adnilis/wma/plugins/mysql/build.go:70.11,72.6 1 1
github.com/adnilis/wma/plugins/mysql/build.go:73.5,73.31 1 1
github.com/adnilis/wma/plugins/mysql/build.go:75.4,75.42 1 1
github.com/adnilis/wma/plugins/mysql/build.go:77.23,79.30 2 1
github.com/adnilis/wma/plugins/mysql/build.go:79.30,80.14 1 1
github.com/adnilis/wma/plugins/mysql/build.go:80.14,82.5 1 1
github.com/adnilis/wma/plugins/mysql/build.go:82.10,84.88 1 1
github.com/adnilis/wma/plugins/mysql/build.go:84.88,86.6 1 0
github.com/adnilis/wma/plugins/mysql/build.go:86.11,88.6 1 1
github.com/adnilis/wma/plugins/mysql/build.go:89.5,89.31 1 1
github.com/adnilis/wma/plugins/mysql/build.go:91.4,91.42 1 1
github.com/adnilis/wma/plugins/mysql/build.go:93.23,97.46 4 1
github.com/adnilis/wma/plugins/mysql/build.go:98.23,100.46 2 1
github.com/adnilis/wma/plugins/mysql/build.go:101.24,105.31 4 0
github.com/adnilis/wma/plugins/mysql/build.go:105.31,106.14 1 0
github.com/adnilis/wma/plugins/mysql/build.go:106.14,108.5 1 0
github.com/adnilis/wma/plugins/mysql/build.go:108.10,111.5 2 0
github.com/adnilis/wma/plugins/mysql/build.go:112.4,112.42 1 0
github.com/adnilis/wma/plugins/mysql/build.go:114.24,116.31 2 1
github.com/adnilis/wma/plugins/mysql/build.go:116.31,117.14 1 1
github.com/adnilis/wma/plugins/mysql/build.go:117.14,119.5 1 1
github.com/adnilis/wma/plugins/mysql/build.go:119.10,122.5 2 0
github.com/adnilis/wma/plugins/mysql/build.go:123.4,123.42 1 1
github.com/adnilis/wma/plugins/mysql/build.go:125.23,129.46 4 1
github.com/adnilis/wma/plugins/mysql/build.go:130.23,132.46 2 1
github.com/adnilis/wma/plugins/mysql/build.go:133.23,137.39 4 1
github.com/adnilis/wma/plugins/mysql/build.go:138.24,139.39 1 1
github.com/adnilis/wma/plugins/mysql/build.go:140.24,144.40 4 1
github.com/adnilis/wma/plugins/mysql/build.go:145.25,146.40 1 1
github.com/adnilis/wma/plugins/mysql/build.go:153.66,155.36 1 1
github.com/adnilis/wma/plugins/mysql/build.go:155.36,157.3 1 1
github.com/adnilis/wma/plugins/mysql/build.go:159.2,171.23 6 1
github.com/adnilis/wma/plugins/mysql/build.go:171.23,173.19 2 1
github.com/adnilis/wma/plugins/mysql/build.go:173.19,177.44 3 1
github.com/adnilis/wma/plugins/mysql/build.go:177.44,178.24 1 1
github.com/adnilis/wma/plugins/mysql/build.go:178.24,181.11 3 1
github.com/adnilis/wma/plugins/mysql/build.go:184.4,184.19 1 1
github.com/adnilis/wma/plugins/mysql/build.go:184.19,186.5 1 1
github.com/adnilis/wma/plugins/mysql/build.go:188.4,193.6 1 1
github.com/adnilis/wma/plugins/mysql/build.go:198.2,198.24 1 1
github.com/adnilis/wma/plugins/mysql/build.go:198.24,200.19 2 1
github.com/adnilis/wma/plugins/mysql/build.go:200.19,205.20 3 1
github.com/adnilis/wma/plugins/mysql/build.go:205.20,208.47 2 1
github.com/adnilis/wma/plugins/mysql/build.go:208.47,209.85 1 1
github.com/adnilis/wma/plugins/mysql/build.go:209.85,216.52 2 0
github.com/adnilis/wma/plugins/mysql/build.go:216.52,218.13 2 0
github.com/adnilis/wma/plugins/mysql/build.go:224.4,229.6 1 1
github.com/adnilis/wma/plugins/mysql/build.go:230.9,233.88 2 1
github.com/adnilis/wma/plugins/mysql/build.go:233.88,234.79 1 1
github.com/adnilis/wma/plugins/mysql/build.go:234.79,236.6 1 1
github.com/adnilis/wma/plugins/mysql/build.go:239.4,244.6 1 1
github.com/adnilis/wma/plugins/mysql/build.go:249.2,249.24 1 1
github.com/adnilis/wma/plugins/mysql/build.go:249.24,250.56 1 1
github.com/adnilis/wma/plugins/mysql/build.go:250.56,253.76 2 1
github.com/adnilis/wma/plugins/mysql/build.go:253.76,254.82 1 1
github.com/adnilis/wma/plugins/mysql/build.go:254.82,256.6 1 0
github.com/adnilis/wma/plugins/mysql/build.go:259.4,264.6 1 1
github.com/adnilis/wma/plugins/mysql/build.go:265.9,268.76 2 1
github.com/adnilis/wma/plugins/mysql/build.go:268.76,269.79 1 1
github.com/adnilis/wma/plugins/mysql/build.go:269.79,271.6 1 0
github.com/adnilis/wma/plugins/mysql/build.go:274.4,279.6 1 1
github.com/adnilis/wma/plugins/mysql/build.go:284.2,284.25 1 1
github.com/adnilis/wma/plugins/mysql/build.go:284.25,285.55 1 1
github.com/adnilis/wma/plugins/mysql/build.go:285.55,288.65 2 0
github.com/adnilis/wma/plugins/mysql/build.go:288.65,289.82 1 0
github.com/adnilis/wma/plugins/mysql/build.go:289.82,291.6 1 0
github.com/adnilis/wma/plugins/mysql/build.go:294.4,299.6 1 0
github.com/adnilis/wma/plugins/mysql/build.go:300.9,303.65 2 1
github.com/adnilis/wma/plugins/mysql/build.go:303.65,304.79 1 1
github.com/adnilis/wma/plugins/mysql/build.go:304.79,306.6 1 0
github.com/adnilis/wma/plugins/mysql/build.go:309.4,314.6 1 1
github.com/adnilis/wma/plugins/mysql/build.go:319.2,319.24 1 1
github.com/adnilis/wma/plugins/mysql/build.go:319.24,320.56 1 1
github.com/adnilis/wma/plugins/mysql/build.go:320.56,323.53 2 1
github.com/adnilis/wma/plugins/mysql/build.go:323.53,324.82 1 1
github.com/adnilis/wma/plugins/mysql/build.go:324.82,326.6 1 0
github.com/adnilis/wma/plugins/mysql/build.go:329.4,334.6 1 1
github.com/adnilis/wma/plugins/mysql/build.go:335.9,338.53 2 1
github.com/adnilis/wma/plugins/mysql/build.go:338.53,339.79 1 1
github.com/adnilis/wma/plugins/mysql/build.go:339.79,341.6 1 0
github.com/adnilis/wma/plugins/mysql/build.go:344.4,349.6 1 1
github.com/adnilis/wma/plugins/mysql/build.go:354.2,354.18 1 1
github.com/adnilis/wma/plugins/mysql/build.go:354.18,356.19 2 1
github.com/adnilis/wma/plugins/mysql/build.go:356.19,364.4 1 1
github.com/adnilis/wma/plugins/mysql/build.go:364.9,368.82 3 1
github.com/adnilis/wma/plugins/mysql/build.go:368.82,370.5 1 1
github.com/adnilis/wma/plugins/mysql/build.go:371.4,376.6 1 1
github.com/adnilis/wma/plugins/mysql/build.go:381.2,381.19 1 1
github.com/adnilis/wma/plugins/mysql/build.go:381.19,383.20 2 1
github.com/adnilis/wma/plugins/mysql/build.go:383.20,386.68 2 1
github.com/adnilis/wma/plugins/mysql/build.go:386.68,388.5 1 0
github.com/adnilis/wma/plugins/mysql/build.go:390.4,395.6 1 1
github.com/adnilis/wma/plugins/mysql/build.go:396.9,400.82 3 1
github.com/adnilis/wma/plugins/mysql/build.go:400.82,402.5 1 1
github.com/adnilis/wma/plugins/mysql/build.go:403.4,408.6 1 1
github.com/adnilis/wma/plugins/mysql/build.go:413.2,413.34 1 1
github.com/adnilis/wma/plugins/mysql/build.go:413.34,414.63 1 1
github.com/adnilis/wma/plugins/mysql/build.go:414.63,416.4 1 0
github.com/adnilis/wma/plugins/mysql/build.go:421.2,425.23 5 1
github.com/adnilis/wma/plugins/mysql/build.go:425.23,429.37 3 1
github.com/adnilis/wma/plugins/mysql/build.go:429.37,430.53 1 1
github.com/adnilis/wma/plugins/mysql/build.go:430.53,433.5 2 1
github.com/adnilis/wma/plugins/mysql/build.go:436.3,437.25 2 1
github.com/adnilis/wma/plugins/mysql/build.go:440.2,442.36 3 1
github.com/adnilis/wma/plugins/mysql/build.go:442.36,443.52 1 1
github.com/adnilis/wma/plugins/mysql/build.go:443.52,446.4 2 1
github.com/adnilis/wma/plugins/mysql/build.go:450.2,454.32 4 1
github.com/adnilis/wma/plugins/mysql/config.go:49.75,65.16 2 1
github.com/adnilis/wma/plugins/mysql/config.go:65.16,67.3 1 1
github.com/adnilis/wma/plugins/mysql/config.go:70.2,70.20 1 1
github.com/adnilis/wma/plugins/mysql/config.go:70.20,72.3 1 1
github.com/adnilis/wma/plugins/mysql/config.go:73.2,73.20 1 1
github.com/adnilis/wma/plugins/mysql/config.go:73.20,75.3 1 1
github.com/adnilis/wma/plugins/mysql/config.go:76.2,76.24 1 1
github.com/adnilis/wma/plugins/mysql/config.go:76.24,78.3 1 1
github.com/adnilis/wma/plugins/mysql/config.go:79.2,79.22 1 1
github.com/adnilis/wma/plugins/mysql/config.go:79.22,81.3 1 1
github.com/adnilis/wma/plugins/mysql/config.go:82.2,82.22 1 1
github.com/adnilis/wma/plugins/mysql/config.go:82.22,84.3 1 1
github.com/adnilis/wma/plugins/mysql/config.go:85.2,85.27 1 1
github.com/adnilis/wma/plugins/mysql/config.go:85.27,87.3 1 1
github.com/adnilis/wma/plugins/mysql/config.go:88.2,88.27 1 1
github.com/adnilis/wma/plugins/mysql/config.go:88.27,90.3 1 1
github.com/adnilis/wma/plugins/mysql/config.go:91.2,91.25 1 1
github.com/adnilis/wma/plugins/mysql/config.go:91.25,93.3 1 1
github.com/adnilis/wma/plugins/mysql/config.go:94.2,94.25 1 1
github.com/adnilis/wma/plugins/mysql/config.go:94.25,96.3 1 0
github.com/adnilis/wma/plugins/mysql/config.go:97.2,97.25 1 1
github.com/adnilis/wma/plugins/mysql/config.go:97.25,99.3 1 0
github.com/adnilis/wma/plugins/mysql/config.go:100.2,100.25 1 1
github.com/adnilis/wma/plugins/mysql/config.go:100.25,102.3 1 0
github.com/adnilis/wma/plugins/mysql/config.go:103.2,103.26 1 1
github.com/adnilis/wma/plugins/mysql/config.go:103.26,105.3 1 1
github.com/adnilis/wma/plugins/mysql/config.go:107.2,109.19 3 1
github.com/adnilis/wma/plugins/mysql/config.go:109.19,111.3 1 1
github.com/adnilis/wma/plugins/mysql/config.go:112.2,112.27 1 1
github.com/adnilis/wma/plugins/mysql/config.go:112.27,114.3 1 1
github.com/adnilis/wma/plugins/mysql/config.go:116.2,116.15 1 1
github.com/adnilis/wma/plugins/mysql/config.go:122.45,123.37 1 1
github.com/adnilis/wma/plugins/mysql/config.go:123.37,125.3 1 1
github.com/adnilis/wma/plugins/mysql/config.go:126.2,126.37 1 1
github.com/adnilis/wma/plugins/mysql/config.go:126.37,128.3 1 1
github.com/adnilis/wma/plugins/mysql/config.go:129.2,129.39 1 1
github.com/adnilis/wma/plugins/mysql/config.go:129.39,131.3 1 1
github.com/adnilis/wma/plugins/mysql/config.go:132.2,132.20 1 1
github.com/adnilis/wma/plugins/mysql/config.go:132.20,134.3 1 1
github.com/adnilis/wma/plugins/mysql/config.go:135.2,135.24 1 1
github.com/adnilis/wma/plugins/mysql/config.go:135.24,137.3 1 1
github.com/adnilis/wma/plugins/mysql/config.go:138.2,138.12 1 1
github.com/adnilis/wma/plugins/mysql/dsn.go:17.46,19.15 2 1
github.com/adnilis/wma/plugins/mysql/dsn.go:19.15,21.3 1 1
github.com/adnilis/wma/plugins/mysql/dsn.go:24.2,25.50 2 1
github.com/adnilis/wma/plugins/mysql/dsn.go:25.50,27.3 1 1
github.com/adnilis/wma/plugins/mysql/dsn.go:29.2,42.30 2 1
github.com/adnilis/wma/plugins/mysql/helper.go:16.42,17.16 1 1
github.com/adnilis/wma/plugins/mysql/helper.go:17.16,19.3 1 1
github.com/adnilis/wma/plugins/mysql/helper.go:20.2,20.42 1 1
github.com/adnilis/wma/plugins/mysql/helper.go:25.45,27.30 2 1
github.com/adnilis/wma/plugins/mysql/helper.go:27.30,29.3 1 1
github.com/adnilis/wma/plugins/mysql/helper.go:30.2,30.13 1 1
github.com/adnilis/wma/plugins/mysql/helper.go:39.44,40.17 1 1
github.com/adnilis/wma/plugins/mysql/helper.go:40.17,42.3 1 1
github.com/adnilis/wma/plugins/mysql/helper.go:43.2,44.14 2 1
github.com/adnilis/wma/plugins/mysql/helper.go:44.14,46.3 1 0
github.com/adnilis/wma/plugins/mysql/helper.go:47.2,47.29 1 1
github.com/adnilis/wma/plugins/mysql/helper.go:47.29,49.3 1 1
github.com/adnilis/wma/plugins/mysql/helper.go:50.2,50.31 1 1
github.com/adnilis/wma/plugins/mysql/helper.go:50.31,52.3 1 1
github.com/adnilis/wma/plugins/mysql/helper.go:53.2,53.32 1 1
github.com/adnilis/wma/plugins/mysql/helper.go:53.32,55.3 1 1
github.com/adnilis/wma/plugins/mysql/helper.go:56.2,56.58 1 1
github.com/adnilis/wma/plugins/mysql/helper.go:56.58,58.3 1 1
github.com/adnilis/wma/plugins/mysql/helper.go:59.2,59.36 1 1
github.com/adnilis/wma/plugins/mysql/helper.go:69.35,73.26 4 1
github.com/adnilis/wma/plugins/mysql/helper.go:73.26,74.27 1 1
github.com/adnilis/wma/plugins/mysql/helper.go:74.27,75.13 1 1
github.com/adnilis/wma/plugins/mysql/helper.go:75.13,79.35 4 1
github.com/adnilis/wma/plugins/mysql/helper.go:79.35,81.6 1 1
github.com/adnilis/wma/plugins/mysql/helper.go:83.4,84.12 2 1
github.com/adnilis/wma/plugins/mysql/helper.go:86.3,86.22 1 1
github.com/adnilis/wma/plugins/mysql/helper.go:88.2,88.24 1 1
github.com/adnilis/wma/plugins/mysql/helper.go:114.56,115.16 1 1
github.com/adnilis/wma/plugins/mysql/helper.go:115.16,117.3 1 1
github.com/adnilis/wma/plugins/mysql/helper.go:118.2,118.59 1 1
github.com/adnilis/wma/plugins/mysql/helper.go:122.44,124.2 1 1
github.com/adnilis/wma/plugins/mysql/helper.go:127.44,129.2 1 0
github.com/adnilis/wma/plugins/mysql/helper.go:134.51,135.19 1 1
github.com/adnilis/wma/plugins/mysql/helper.go:135.19,137.3 1 1
github.com/adnilis/wma/plugins/mysql/helper.go:138.2,138.33 1 1
github.com/adnilis/wma/plugins/mysql/helper.go:142.44,142.62 1 1
github.com/adnilis/wma/plugins/mysql/helper.go:145.41,145.56 1 1
github.com/adnilis/wma/plugins/mysql/logger.go:28.60,29.19 1 1
github.com/adnilis/wma/plugins/mysql/logger.go:29.19,31.3 1 1
github.com/adnilis/wma/plugins/mysql/logger.go:32.2,36.3 1 1
github.com/adnilis/wma/plugins/mysql/logger.go:40.41,42.2 1 1
github.com/adnilis/wma/plugins/mysql/logger.go:45.41,47.2 1 1
github.com/adnilis/wma/plugins/mysql/logger.go:52.125,53.21 1 1
github.com/adnilis/wma/plugins/mysql/logger.go:53.21,55.3 1 1
github.com/adnilis/wma/plugins/mysql/logger.go:57.2,59.75 3 1
github.com/adnilis/wma/plugins/mysql/logger.go:64.129,65.34 1 1
github.com/adnilis/wma/plugins/mysql/logger.go:65.34,67.3 1 1
github.com/adnilis/wma/plugins/mysql/logger.go:69.2,69.58 1 1
github.com/adnilis/wma/plugins/mysql/logger.go:69.58,74.3 3 1
github.com/adnilis/wma/plugins/mysql/logger.go:80.116,81.29 1 1
github.com/adnilis/wma/plugins/mysql/logger.go:81.29,83.3 1 1
github.com/adnilis/wma/plugins/mysql/logger.go:85.2,88.36 3 1
github.com/adnilis/wma/plugins/mysql/logger.go:93.102,94.21 1 1
github.com/adnilis/wma/plugins/mysql/logger.go:94.21,96.3 1 1
github.com/adnilis/wma/plugins/mysql/logger.go:98.2,99.48 2 1
github.com/adnilis/wma/plugins/mysql/logger.go:104.52,107.2 2 1
github.com/adnilis/wma/plugins/mysql/logger.go:116.70,117.20 1 1
github.com/adnilis/wma/plugins/mysql/logger.go:117.20,119.3 1 1
github.com/adnilis/wma/plugins/mysql/logger.go:122.2,123.27 2 1
github.com/adnilis/wma/plugins/mysql/logger.go:123.27,125.3 1 1
github.com/adnilis/wma/plugins/mysql/logger.go:128.2,129.30 2 1
github.com/adnilis/wma/plugins/mysql/logger.go:129.30,131.16 2 1
github.com/adnilis/wma/plugins/mysql/logger.go:131.16,132.9 1 0
github.com/adnilis/wma/plugins/mysql/logger.go:134.3,134.56 1 1
github.com/adnilis/wma/plugins/mysql/logger.go:138.2,138.36 1 1
github.com/adnilis/wma/plugins/mysql/logger.go:143.44,146.30 3 1
github.com/adnilis/wma/plugins/mysql/logger.go:146.30,148.3 1 1
github.com/adnilis/wma/plugins/mysql/logger.go:149.2,149.15 1 1
github.com/adnilis/wma/plugins/mysql/logger.go:154.61,160.6 5 1
github.com/adnilis/wma/plugins/mysql/logger.go:160.6,163.23 2 1
github.com/adnilis/wma/plugins/mysql/logger.go:163.23,164.9 1 1
github.com/adnilis/wma/plugins/mysql/logger.go:166.3,169.72 2 1
github.com/adnilis/wma/plugins/mysql/logger.go:169.72,171.12 2 0
github.com/adnilis/wma/plugins/mysql/logger.go:173.3,173.110 1 1
github.com/adnilis/wma/plugins/mysql/logger.go:173.110,175.12 2 0
github.com/adnilis/wma/plugins/mysql/logger.go:179.3,181.111 2 1
github.com/adnilis/wma/plugins/mysql/logger.go:181.111,183.4 1 1
github.com/adnilis/wma/plugins/mysql/logger.go:184.3,185.21 2 1
github.com/adnilis/wma/plugins/mysql/logger.go:185.21,187.12 2 0
github.com/adnilis/wma/plugins/mysql/logger.go:190.3,193.38 2 1
github.com/adnilis/wma/plugins/mysql/logger.go:193.38,195.12 2 0
github.com/adnilis/wma/plugins/mysql/logger.go:199.3,199.79 1 1
github.com/adnilis/wma/plugins/mysql/logger.go:199.79,201.12 2 1
github.com/adnilis/wma/plugins/mysql/logger.go:205.3,210.39 4 1
github.com/adnilis/wma/plugins/mysql/logger.go:213.2,213.15 1 1
github.com/adnilis/wma/plugins/mysql/logger.go:217.40,219.2 1 1
github.com/adnilis/wma/plugins/mysql/logger.go:222.53,224.98 1 1
github.com/adnilis/wma/plugins/mysql/logger.go:224.98,226.3 1 1
github.com/adnilis/wma/plugins/mysql/logger.go:228.2,228.25 1 1
github.com/adnilis/wma/plugins/mysql/logger.go:228.25,230.3 1 1
github.com/adnilis/wma/plugins/mysql/logger.go:233.2,233.25 1 1
github.com/adnilis/wma/plugins/mysql/logger.go:233.25,235.3 1 1
github.com/adnilis/wma/plugins/mysql/logger.go:238.2,239.23 2 1
github.com/adnilis/wma/plugins/mysql/logger.go:239.23,241.77 2 1
github.com/adnilis/wma/plugins/mysql/logger.go:241.77,242.9 1 1
github.com/adnilis/wma/plugins/mysql/logger.go:244.3,244.8 1 1
github.com/adnilis/wma/plugins/mysql/logger.go:247.2,247.18 1 1
github.com/adnilis/wma/plugins/mysql/logger.go:247.18,249.3 1 0
github.com/adnilis/wma/plugins/mysql/logger.go:251.2,251.12 1 1
github.com/adnilis/wma/plugins/mysql/logger.go:255.32,256.16 1 1
github.com/adnilis/wma/plugins/mysql/logger.go:256.16,258.3 1 1
github.com/adnilis/wma/plugins/mysql/logger.go:260.2,260.25 1 1
github.com/adnilis/wma/plugins/mysql/logger.go:261.14,264.29 2 1
github.com/adnilis/wma/plugins/mysql/logger.go:265.14,266.32 1 1
github.com/adnilis/wma/plugins/mysql/logger.go:267.17,268.53 1 1
github.com/adnilis/wma/plugins/mysql/logger.go:269.12,270.8 1 1
github.com/adnilis/wma/plugins/mysql/logger.go:270.8,272.4 1 1
github.com/adnilis/wma/plugins/mysql/logger.go:273.3,273.17 1 1
github.com/adnilis/wma/plugins/mysql/logger.go:274.10,275.32 1 1
github.com/adnilis/wma/plugins/mysql/orm.go:13.116,14.26 1 1
github.com/adnilis/wma/plugins/mysql/orm.go:14.26,16.3 1 1
github.com/adnilis/wma/plugins/mysql/orm.go:17.2,17.73 1 0
github.com/adnilis/wma/plugins/mysql/orm.go:22.58,24.16 2 1
github.com/adnilis/wma/plugins/mysql/orm.go:24.16,26.3 1 0
github.com/adnilis/wma/plugins/mysql/orm.go:28.2,29.16 2 1
github.com/adnilis/wma/plugins/mysql/orm.go:29.16,31.3 1 0
github.com/adnilis/wma/plugins/mysql/orm.go:33.2,36.8 1 1
github.com/adnilis/wma/plugins/mysql/orm.go:41.95,48.2 6 1
github.com/adnilis/wma/plugins/mysql/orm.go:52.65,58.35 4 1
github.com/adnilis/wma/plugins/mysql/orm.go:58.35,61.3 2 1
github.com/adnilis/wma/plugins/mysql/orm.go:63.2,64.11 2 1
github.com/adnilis/wma/plugins/mysql/orm.go:69.61,71.18 2 1
github.com/adnilis/wma/plugins/mysql/orm.go:71.18,74.3 2 1
github.com/adnilis/wma/plugins/mysql/orm.go:76.2,78.35 2 1
github.com/adnilis/wma/plugins/mysql/orm.go:78.35,81.3 2 1
github.com/adnilis/wma/plugins/mysql/orm.go:83.2,86.11 4 1
github.com/adnilis/wma/plugins/mysql/orm.go:91.80,93.16 2 1
github.com/adnilis/wma/plugins/mysql/orm.go:93.16,95.3 1 1
github.com/adnilis/wma/plugins/mysql/orm.go:97.2,99.16 3 1
github.com/adnilis/wma/plugins/mysql/orm.go:99.16,101.3 1 0
github.com/adnilis/wma/plugins/mysql/orm.go:103.2,107.16 4 1
github.com/adnilis/wma/plugins/mysql/orm.go:107.16,110.3 2 0
github.com/adnilis/wma/plugins/mysql/orm.go:112.2,113.16 2 1
github.com/adnilis/wma/plugins/mysql/orm.go:113.16,116.3 2 0
github.com/adnilis/wma/plugins/mysql/orm.go:118.2,119.16 2 1
github.com/adnilis/wma/plugins/mysql/orm.go:125.107,127.16 2 1
github.com/adnilis/wma/plugins/mysql/orm.go:127.16,129.3 1 0
github.com/adnilis/wma/plugins/mysql/orm.go:131.2,133.16 3 1
github.com/adnilis/wma/plugins/mysql/orm.go:133.16,135.3 1 0
github.com/adnilis/wma/plugins/mysql/orm.go:137.2,147.16 8 1
github.com/adnilis/wma/plugins/mysql/orm.go:147.16,150.3 2 0
github.com/adnilis/wma/plugins/mysql/orm.go:152.2,153.16 2 1
github.com/adnilis/wma/plugins/mysql/orm.go:153.16,156.3 2 0
github.com/adnilis/wma/plugins/mysql/orm.go:158.2,159.26 2 1
github.com/adnilis/wma/plugins/mysql/orm.go:165.107,167.16 2 1
github.com/adnilis/wma/plugins/mysql/orm.go:167.16,169.3 1 0
github.com/adnilis/wma/plugins/mysql/orm.go:171.2,173.16 3 1
github.com/adnilis/wma/plugins/mysql/orm.go:173.16,175.3 1 0
github.com/adnilis/wma/plugins/mysql/orm.go:177.2,181.16 4 1
github.com/adnilis/wma/plugins/mysql/orm.go:181.16,184.3 2 0
github.com/adnilis/wma/plugins/mysql/orm.go:186.2,187.16 2 1
github.com/adnilis/wma/plugins/mysql/orm.go:187.16,190.3 2 0
github.com/adnilis/wma/plugins/mysql/orm.go:192.2,193.26 2 1
github.com/adnilis/wma/plugins/mysql/orm.go:198.80,200.16 2 1
github.com/adnilis/wma/plugins/mysql/orm.go:200.16,202.3 1 0
github.com/adnilis/wma/plugins/mysql/orm.go:204.2,211.26 6 1
github.com/adnilis/wma/plugins/mysql/orm.go:211.26,214.3 2 1
github.com/adnilis/wma/plugins/mysql/orm.go:216.2,216.16 1 1
github.com/adnilis/wma/plugins/mysql/orm.go:216.16,219.3 2 0
github.com/adnilis/wma/plugins/mysql/orm.go:221.2,222.12 2 1
github.com/adnilis/wma/plugins/mysql/orm.go:227.92,229.16 2 1
github.com/adnilis/wma/plugins/mysql/orm.go:229.16,231.3 1 0
github.com/adnilis/wma/plugins/mysql/orm.go:233.2,235.16 3 1
github.com/adnilis/wma/plugins/mysql/orm.go:235.16,237.3 1 0
github.com/adnilis/wma/plugins/mysql/orm.go:239.2,243.16 4 1
github.com/adnilis/wma/plugins/mysql/orm.go:243.16,246.3 2 0
github.com/adnilis/wma/plugins/mysql/orm.go:248.2,249.16 2 1
github.com/adnilis/wma/plugins/mysql/orm.go:249.16,252.3 2 0
github.com/adnilis/wma/plugins/mysql/orm.go:254.2,255.26 2 1
github.com/adnilis/wma/plugins/mysql/orm.go:261.92,263.16 2 1
github.com/adnilis/wma/plugins/mysql/orm.go:263.16,265.3 1 0
github.com/adnilis/wma/plugins/mysql/orm.go:267.2,269.16 3 1
github.com/adnilis/wma/plugins/mysql/orm.go:269.16,271.3 1 0
github.com/adnilis/wma/plugins/mysql/orm.go:273.2,277.16 4 1
github.com/adnilis/wma/plugins/mysql/orm.go:277.16,280.3 2 0
github.com/adnilis/wma/plugins/mysql/orm.go:282.2,283.16 2 1
github.com/adnilis/wma/plugins/mysql/orm.go:283.16,286.3 2 0
github.com/adnilis/wma/plugins/mysql/orm.go:288.2,289.26 2 1
github.com/adnilis/wma/plugins/mysql/orm.go:294.94,295.17 1 1
github.com/adnilis/wma/plugins/mysql/orm.go:295.17,297.3 1 1
github.com/adnilis/wma/plugins/mysql/orm.go:299.2,300.16 2 1
github.com/adnilis/wma/plugins/mysql/orm.go:300.16,302.3 1 0
github.com/adnilis/wma/plugins/mysql/orm.go:304.2,308.16 4 1
github.com/adnilis/wma/plugins/mysql/orm.go:308.16,311.3 2 0
github.com/adnilis/wma/plugins/mysql/orm.go:313.2,314.97 2 1
github.com/adnilis/wma/plugins/mysql/orm.go:314.97,316.3 1 1
github.com/adnilis/wma/plugins/mysql/orm.go:317.2,318.12 2 1
github.com/adnilis/wma/plugins/mysql/orm.go:324.91,325.17 1 1
github.com/adnilis/wma/plugins/mysql/orm.go:325.17,327.3 1 1
github.com/adnilis/wma/plugins/mysql/orm.go:329.2,330.16 2 1
github.com/adnilis/wma/plugins/mysql/orm.go:330.16,332.3 1 0
github.com/adnilis/wma/plugins/mysql/orm.go:334.2,338.26 4 1
github.com/adnilis/wma/plugins/mysql/orm.go:338.26,341.3 2 1
github.com/adnilis/wma/plugins/mysql/orm.go:343.2,343.16 1 1
github.com/adnilis/wma/plugins/mysql/orm.go:343.16,346.3 2 0
github.com/adnilis/wma/plugins/mysql/orm.go:348.2,349.12 2 1
github.com/adnilis/wma/plugins/mysql/orm.go:355.91,357.16 2 1
github.com/adnilis/wma/plugins/mysql/orm.go:357.16,359.3 1 0
github.com/adnilis/wma/plugins/mysql/orm.go:361.2,365.16 4 1
github.com/adnilis/wma/plugins/mysql/orm.go:365.16,368.3 2 0
github.com/adnilis/wma/plugins/mysql/orm.go:370.2,371.16 2 1
github.com/adnilis/wma/plugins/mysql/orm.go:371.16,374.3 2 0
github.com/adnilis/wma/plugins/mysql/orm.go:376.2,377.26 2 1
github.com/adnilis/wma/plugins/mysql/orm.go:383.102,385.16 2 1
github.com/adnilis/wma/plugins/mysql/orm.go:385.16,387.3 1 0
github.com/adnilis/wma/plugins/mysql/orm.go:389.2,393.16 4 1
github.com/adnilis/wma/plugins/mysql/orm.go:393.16,396.3 2 0
github.com/adnilis/wma/plugins/mysql/orm.go:398.2,399.16 2 1
github.com/adnilis/wma/plugins/mysql/orm.go:399.16,402.3 2 0
github.com/adnilis/wma/plugins/mysql/orm.go:404.2,405.16 2 1
github.com/adnilis/wma/plugins/mysql/orm.go:412.106,413.31 1 1
github.com/adnilis/wma/plugins/mysql/orm.go:413.31,415.3 1 1
github.com/adnilis/wma/plugins/mysql/orm.go:417.2,418.16 2 1
github.com/adnilis/wma/plugins/mysql/orm.go:418.16,420.3 1 0
github.com/adnilis/wma/plugins/mysql/orm.go:422.2,423.17 2 1
github.com/adnilis/wma/plugins/mysql/orm.go:423.17,425.3 1 1
github.com/adnilis/wma/plugins/mysql/orm.go:427.2,435.16 5 1
github.com/adnilis/wma/plugins/mysql/orm.go:435.16,438.3 2 0
github.com/adnilis/wma/plugins/mysql/orm.go:440.2,441.26 2 1
github.com/adnilis/wma/plugins/mysql/orm.go:448.106,450.16 2 1
github.com/adnilis/wma/plugins/mysql/orm.go:450.16,452.3 1 0
github.com/adnilis/wma/plugins/mysql/orm.go:453.2,453.23 1 1
github.com/adnilis/wma/plugins/mysql/orm.go:458.71,461.2 2 1
github.com/adnilis/wma/plugins/mysql/orm.go:466.69,467.18 1 1
github.com/adnilis/wma/plugins/mysql/orm.go:467.18,469.3 1 1
github.com/adnilis/wma/plugins/mysql/orm.go:471.2,472.35 2 1
github.com/adnilis/wma/plugins/mysql/orm.go:472.35,473.18 1 1
github.com/adnilis/wma/plugins/mysql/orm.go:473.18,475.4 1 0
github.com/adnilis/wma/plugins/mysql/orm.go:476.8,478.3 1 0
github.com/adnilis/wma/plugins/mysql/orm.go:480.2,482.9 3 1
github.com/adnilis/wma/plugins/mysql/orm.go:482.9,484.3 1 0
github.com/adnilis/wma/plugins/mysql/orm.go:487.2,487.38 1 1
github.com/adnilis/wma/plugins/mysql/orm.go:487.38,490.3 2 1
github.com/adnilis/wma/plugins/mysql/orm.go:492.2,493.12 2 1
github.com/adnilis/wma/plugins/mysql/orm.go:499.74,501.21 2 1
github.com/adnilis/wma/plugins/mysql/orm.go:501.21,503.3 1 1
github.com/adnilis/wma/plugins/mysql/orm.go:506.2,507.36 2 1
github.com/adnilis/wma/plugins/mysql/orm.go:507.36,509.47 2 1
github.com/adnilis/wma/plugins/mysql/orm.go:509.47,511.4 1 1
github.com/adnilis/wma/plugins/mysql/orm.go:514.2,515.36 2 1
github.com/adnilis/wma/plugins/mysql/orm.go:520.92,522.2 1 1
github.com/adnilis/wma/plugins/mysql/plugin.go:40.71,49.2 2 1
github.com/adnilis/wma/plugins/mysql/plugin.go:52.45,54.2 1 1
github.com/adnilis/wma/plugins/mysql/plugin.go:57.37,59.2 1 1
github.com/adnilis/wma/plugins/mysql/plugin.go:62.48,67.44 3 1
github.com/adnilis/wma/plugins/mysql/plugin.go:67.44,69.3 1 1
github.com/adnilis/wma/plugins/mysql/plugin.go:71.2,72.12 2 1
github.com/adnilis/wma/plugins/mysql/plugin.go:77.37,79.2 1 1
github.com/adnilis/wma/plugins/mysql/plugin.go:84.49,86.15 2 1
github.com/adnilis/wma/plugins/mysql/plugin.go:86.15,88.3 1 1
github.com/adnilis/wma/plugins/mysql/plugin.go:89.2,89.16 1 1
github.com/adnilis/wma/plugins/mysql/plugin.go:93.55,95.15 2 1
github.com/adnilis/wma/plugins/mysql/plugin.go:95.15,97.3 1 1
github.com/adnilis/wma/plugins/mysql/plugin.go:98.2,98.28 1 1
github.com/adnilis/wma/plugins/mysql/plugin.go:102.42,119.34 5 1
github.com/adnilis/wma/plugins/mysql/plugin.go:119.34,128.3 8 1
github.com/adnilis/wma/plugins/mysql/plugin.go:130.2,130.14 1 1
github.com/adnilis/wma/plugins/mysql/plugin.go:134.43,135.11 1 1
github.com/adnilis/wma/plugins/mysql/plugin.go:136.29,137.17 1 1
github.com/adnilis/wma/plugins/mysql/plugin.go:138.31,139.19 1 1
github.com/adnilis/wma/plugins/mysql/plugin.go:140.32,141.20 1 0
github.com/adnilis/wma/plugins/mysql/plugin.go:142.31,143.19 1 1
github.com/adnilis/wma/plugins/mysql/plugin.go:144.10,145.19 1 0
github.com/adnilis/wma/plugins/mysql/pool.go:18.51,18.71 1 0
github.com/adnilis/wma/plugins/mysql/pool.go:19.51,19.77 1 0
github.com/adnilis/wma/plugins/mysql/pool.go:24.26,33.3 1 1
github.com/adnilis/wma/plugins/mysql/pool.go:37.50,41.2 3 1
github.com/adnilis/wma/plugins/mysql/pool.go:48.56,50.32 2 1
github.com/adnilis/wma/plugins/mysql/pool.go:50.32,52.3 1 1
github.com/adnilis/wma/plugins/mysql/pool.go:53.2,53.16 1 1
github.com/adnilis/wma/plugins/mysql/pool.go:57.52,58.15 1 1
github.com/adnilis/wma/plugins/mysql/pool.go:58.15,61.3 2 1
github.com/adnilis/wma/plugins/mysql/pool.go:65.37,81.2 15 1
github.com/adnilis/wma/plugins/mysql/pool.go:84.56,90.16 3 0
github.com/adnilis/wma/plugins/mysql/pool.go:90.16,92.3 1 0
github.com/adnilis/wma/plugins/mysql/pool.go:99.2,105.34 5 0
github.com/adnilis/wma/plugins/mysql/pool.go:105.34,108.3 2 0
github.com/adnilis/wma/plugins/mysql/pool.go:111.2,111.38 1 0
github.com/adnilis/wma/plugins/mysql/pool.go:111.38,113.3 1 0
github.com/adnilis/wma/plugins/mysql/pool.go:116.2,127.12 6 0
github.com/adnilis/wma/plugins/mysql/pool.go:127.12,128.10 1 0
github.com/adnilis/wma/plugins/mysql/pool.go:129.21,129.21 0 0
github.com/adnilis/wma/plugins/mysql/pool.go:130.17,130.17 0 0
github.com/adnilis/wma/plugins/mysql/pool.go:132.3,132.24 1 0
github.com/adnilis/wma/plugins/mysql/pool.go:132.24,134.4 1 0
github.com/adnilis/wma/plugins/mysql/pool.go:137.2,138.12 2 0
github.com/adnilis/wma/plugins/mysql/pool.go:142.55,144.21 1 1
github.com/adnilis/wma/plugins/mysql/pool.go:144.21,146.3 1 1
github.com/adnilis/wma/plugins/mysql/pool.go:147.2,147.19 1 1
github.com/adnilis/wma/plugins/mysql/pool.go:147.19,149.3 1 1
github.com/adnilis/wma/plugins/mysql/pool.go:151.2,151.23 1 1
github.com/adnilis/wma/plugins/mysql/pool.go:151.23,154.3 2 1
github.com/adnilis/wma/plugins/mysql/pool.go:157.2,158.15 2 1
github.com/adnilis/wma/plugins/mysql/pool.go:158.15,159.36 1 1
github.com/adnilis/wma/plugins/mysql/pool.go:159.36,161.4 1 0
github.com/adnilis/wma/plugins/mysql/pool.go:164.2,169.12 5 1
github.com/adnilis/wma/plugins/mysql/query.go:67.72,68.19 1 1
github.com/adnilis/wma/plugins/mysql/query.go:68.19,70.3 1 0
github.com/adnilis/wma/plugins/mysql/query.go:71.2,71.22 1 1
github.com/adnilis/wma/plugins/mysql/query.go:71.22,73.3 1 0
github.com/adnilis/wma/plugins/mysql/query.go:75.2,79.46 3 1
github.com/adnilis/wma/plugins/mysql/query.go:79.46,81.3 1 1
github.com/adnilis/wma/plugins/mysql/query.go:81.8,81.52 1 0
github.com/adnilis/wma/plugins/mysql/query.go:81.52,85.37 3 0
github.com/adnilis/wma/plugins/mysql/query.go:85.37,87.4 1 0
github.com/adnilis/wma/plugins/mysql/query.go:89.2,91.11 2 1
github.com/adnilis/wma/plugins/mysql/query.go:99.93,100.19 1 1
github.com/adnilis/wma/plugins/mysql/query.go:100.19,102.3 1 0
github.com/adnilis/wma/plugins/mysql/query.go:103.2,105.11 3 1
github.com/adnilis/wma/plugins/mysql/query.go:109.88,111.2 1 0
github.com/adnilis/wma/plugins/mysql/query.go:114.87,116.2 1 0
github.com/adnilis/wma/plugins/mysql/query.go:119.88,121.2 1 0
github.com/adnilis/wma/plugins/mysql/query.go:124.84,125.19 1 1
github.com/adnilis/wma/plugins/mysql/query.go:125.19,127.3 1 0
github.com/adnilis/wma/plugins/mysql/query.go:128.2,130.11 3 1
github.com/adnilis/wma/plugins/mysql/query.go:136.86,138.2 1 1
github.com/adnilis/wma/plugins/mysql/query.go:141.81,142.19 1 1
github.com/adnilis/wma/plugins/mysql/query.go:142.19,144.3 1 0
github.com/adnilis/wma/plugins/mysql/query.go:145.2,147.11 3 1
github.com/adnilis/wma/plugins/mysql/query.go:151.82,152.19 1 0
github.com/adnilis/wma/plugins/mysql/query.go:152.19,154.3 1 0
github.com/adnilis/wma/plugins/mysql/query.go:155.2,157.11 3 0
github.com/adnilis/wma/plugins/mysql/query.go:161.71,162.19 1 1
github.com/adnilis/wma/plugins/mysql/query.go:162.19,164.3 1 0
github.com/adnilis/wma/plugins/mysql/query.go:165.2,167.11 3 1
github.com/adnilis/wma/plugins/mysql/query.go:171.85,172.19 1 1
github.com/adnilis/wma/plugins/mysql/query.go:172.19,174.3 1 0
github.com/adnilis/wma/plugins/mysql/query.go:175.2,177.11 3 1
github.com/adnilis/wma/plugins/mysql/query.go:181.67,182.19 1 1
github.com/adnilis/wma/plugins/mysql/query.go:182.19,184.3 1 0
github.com/adnilis/wma/plugins/mysql/query.go:185.2,187.11 3 1
github.com/adnilis/wma/plugins/mysql/query.go:191.69,192.27 1 0
github.com/adnilis/wma/plugins/mysql/query.go:192.27,194.3 1 0
github.com/adnilis/wma/plugins/mysql/query.go:195.2,196.11 2 0
github.com/adnilis/wma/plugins/mysql/query.go:200.70,201.27 1 0
github.com/adnilis/wma/plugins/mysql/query.go:201.27,203.3 1 0
github.com/adnilis/wma/plugins/mysql/query.go:204.2,205.11 2 0
github.com/adnilis/wma/plugins/mysql/query.go:209.64,210.33 1 1
github.com/adnilis/wma/plugins/mysql/query.go:210.33,212.3 1 0
github.com/adnilis/wma/plugins/mysql/query.go:213.2,215.11 3 1
github.com/adnilis/wma/plugins/mysql/query.go:219.66,220.33 1 1
github.com/adnilis/wma/plugins/mysql/query.go:220.33,222.3 1 0
github.com/adnilis/wma/plugins/mysql/query.go:223.2,225.11 3 1
github.com/adnilis/wma/plugins/mysql/query.go:229.51,230.19 1 1
github.com/adnilis/wma/plugins/mysql/query.go:230.19,232.3 1 0
github.com/adnilis/wma/plugins/mysql/query.go:233.2,236.57 3 1
github.com/adnilis/wma/plugins/mysql/query.go:236.57,238.3 1 1
github.com/adnilis/wma/plugins/mysql/query.go:240.2,241.16 2 1
github.com/adnilis/wma/plugins/mysql/query.go:241.16,243.3 1 0
github.com/adnilis/wma/plugins/mysql/query.go:245.2,249.26 4 1
github.com/adnilis/wma/plugins/mysql/query.go:249.26,252.3 2 1
github.com/adnilis/wma/plugins/mysql/query.go:254.2,254.16 1 1
github.com/adnilis/wma/plugins/mysql/query.go:254.16,257.3 2 0
github.com/adnilis/wma/plugins/mysql/query.go:259.2,260.12 2 1
github.com/adnilis/wma/plugins/mysql/query.go:264.50,265.19 1 1
github.com/adnilis/wma/plugins/mysql/query.go:265.19,267.3 1 0
github.com/adnilis/wma/plugins/mysql/query.go:268.2,273.16 4 1
github.com/adnilis/wma/plugins/mysql/query.go:273.16,275.3 1 0
github.com/adnilis/wma/plugins/mysql/query.go:277.2,281.16 4 1
github.com/adnilis/wma/plugins/mysql/query.go:281.16,284.3 2 0
github.com/adnilis/wma/plugins/mysql/query.go:286.2,288.12 3 1
github.com/adnilis/wma/plugins/mysql/query.go:295.55,296.19 1 1
github.com/adnilis/wma/plugins/mysql/query.go:296.19,298.3 1 0
github.com/adnilis/wma/plugins/mysql/query.go:299.2,313.16 10 1
github.com/adnilis/wma/plugins/mysql/query.go:313.16,315.3 1 0
github.com/adnilis/wma/plugins/mysql/query.go:317.2,321.16 4 1
github.com/adnilis/wma/plugins/mysql/query.go:321.16,324.3 2 0
github.com/adnilis/wma/plugins/mysql/query.go:326.2,327.12 2 1
github.com/adnilis/wma/plugins/mysql/query.go:331.68,332.19 1 0
github.com/adnilis/wma/plugins/mysql/query.go:332.19,334.3 1 0
github.com/adnilis/wma/plugins/mysql/query.go:335.2,340.51 4 0
github.com/adnilis/wma/plugins/mysql/query.go:340.51,342.3 1 0
github.com/adnilis/wma/plugins/mysql/query.go:344.2,345.18 2 0
github.com/adnilis/wma/plugins/mysql/query.go:345.18,347.3 1 0
github.com/adnilis/wma/plugins/mysql/query.go:349.2,364.16 13 0
github.com/adnilis/wma/plugins/mysql/query.go:364.16,366.3 1 0
github.com/adnilis/wma/plugins/mysql/query.go:368.2,372.16 4 0
github.com/adnilis/wma/plugins/mysql/query.go:372.16,375.3 2 0
github.com/adnilis/wma/plugins/mysql/query.go:377.2,379.12 3 0
github.com/adnilis/wma/plugins/mysql/query.go:383.44,384.19 1 0
github.com/adnilis/wma/plugins/mysql/query.go:384.19,386.3 1 0
github.com/adnilis/wma/plugins/mysql/query.go:387.2,392.51 4 0
github.com/adnilis/wma/plugins/mysql/query.go:392.51,394.3 1 0
github.com/adnilis/wma/plugins/mysql/query.go:396.2,397.16 2 0
github.com/adnilis/wma/plugins/mysql/query.go:397.16,399.3 1 0
github.com/adnilis/wma/plugins/mysql/query.go:401.2,405.16 4 0
github.com/adnilis/wma/plugins/mysql/query.go:405.16,408.3 2 0
github.com/adnilis/wma/plugins/mysql/query.go:410.2,412.12 3 0
github.com/adnilis/wma/plugins/mysql/query.go:417.56,418.19 1 0
github.com/adnilis/wma/plugins/mysql/query.go:418.19,420.3 1 0
github.com/adnilis/wma/plugins/mysql/query.go:421.2,426.16 4 0
github.com/adnilis/wma/plugins/mysql/query.go:426.16,428.3 1 0
github.com/adnilis/wma/plugins/mysql/query.go:430.2,434.16 4 0
github.com/adnilis/wma/plugins/mysql/query.go:434.16,437.3 2 0
github.com/adnilis/wma/plugins/mysql/query.go:439.2,441.20 3 0
github.com/adnilis/wma/plugins/mysql/query.go:446.74,447.19 1 0
github.com/adnilis/wma/plugins/mysql/query.go:447.19,449.3 1 0
github.com/adnilis/wma/plugins/mysql/query.go:450.2,450.22 1 0
github.com/adnilis/wma/plugins/mysql/query.go:450.22,452.3 1 0
github.com/adnilis/wma/plugins/mysql/query.go:454.2,458.46 3 0
github.com/adnilis/wma/plugins/mysql/query.go:458.46,460.3 1 0
github.com/adnilis/wma/plugins/mysql/query.go:460.8,460.52 1 0
github.com/adnilis/wma/plugins/mysql/query.go:460.52,463.37 3 0
github.com/adnilis/wma/plugins/mysql/query.go:463.37,465.4 1 0
github.com/adnilis/wma/plugins/mysql/query.go:468.2,468.11 1 0
github.com/adnilis/wma/plugins/mysql/query.go:473.50,474.19 1 0
github.com/adnilis/wma/plugins/mysql/query.go:474.19,476.3 1 0
github.com/adnilis/wma/plugins/mysql/query.go:477.2,482.16 4 0
github.com/adnilis/wma/plugins/mysql/query.go:482.16,484.3 1 0
github.com/adnilis/wma/plugins/mysql/query.go:486.2,490.26 4 0
github.com/adnilis/wma/plugins/mysql/query.go:490.26,493.3 2 0
github.com/adnilis/wma/plugins/mysql/query.go:495.2,495.16 1 0
github.com/adnilis/wma/plugins/mysql/query.go:495.16,498.3 2 0
github.com/adnilis/wma/plugins/mysql/query.go:500.2,501.12 2 0
github.com/adnilis/wma/plugins/mysql/query.go:506.65,507.19 1 0
github.com/adnilis/wma/plugins/mysql/query.go:507.19,509.3 1 0
github.com/adnilis/wma/plugins/mysql/query.go:510.2,517.17 5 0
github.com/adnilis/wma/plugins/mysql/query.go:517.17,519.3 1 0
github.com/adnilis/wma/plugins/mysql/query.go:522.2,523.20 2 0
github.com/adnilis/wma/plugins/mysql/query.go:523.20,525.3 1 0
github.com/adnilis/wma/plugins/mysql/query.go:527.2,528.16 2 0
github.com/adnilis/wma/plugins/mysql/query.go:528.16,530.3 1 0
github.com/adnilis/wma/plugins/mysql/query.go:532.2,536.16 4 0
github.com/adnilis/wma/plugins/mysql/query.go:536.16,539.3 2 0
github.com/adnilis/wma/plugins/mysql/query.go:541.2,542.12 2 0
github.com/adnilis/wma/plugins/mysql/scanner.go:41.46,43.39 1 1
github.com/adnilis/wma/plugins/mysql/scanner.go:43.39,45.3 1 1
github.com/adnilis/wma/plugins/mysql/scanner.go:48.2,55.36 2 1
github.com/adnilis/wma/plugins/mysql/scanner.go:55.36,58.30 3 1
github.com/adnilis/wma/plugins/mysql/scanner.go:58.30,59.12 1 1
github.com/adnilis/wma/plugins/mysql/scanner.go:63.3,67.18 3 1
github.com/adnilis/wma/plugins/mysql/scanner.go:67.18,70.4 2 1
github.com/adnilis/wma/plugins/mysql/scanner.go:74.2,75.28 2 1
github.com/adnilis/wma/plugins/mysql/scanner.go:81.49,82.37 1 1
github.com/adnilis/wma/plugins/mysql/scanner.go:82.37,84.3 1 0
github.com/adnilis/wma/plugins/mysql/scanner.go:85.2,85.22 1 1
github.com/adnilis/wma/plugins/mysql/scanner.go:85.22,112.33 20 1
github.com/adnilis/wma/plugins/mysql/scanner.go:112.33,113.13 1 1
github.com/adnilis/wma/plugins/mysql/scanner.go:113.13,115.5 1 1
github.com/adnilis/wma/plugins/mysql/scanner.go:116.4,117.25 2 1
github.com/adnilis/wma/plugins/mysql/scanner.go:119.3,122.23 2 1
github.com/adnilis/wma/plugins/mysql/scanner.go:122.23,131.4 8 1
github.com/adnilis/wma/plugins/mysql/scanner.go:134.3,135.15 2 1
github.com/adnilis/wma/plugins/mysql/scanner.go:135.15,137.4 1 1
github.com/adnilis/wma/plugins/mysql/scanner.go:138.3,149.23 9 1
github.com/adnilis/wma/plugins/mysql/scanner.go:149.23,151.4 1 1
github.com/adnilis/wma/plugins/mysql/scanner.go:152.3,153.33 2 1
github.com/adnilis/wma/plugins/mysql/scanner.go:153.33,154.25 1 1
github.com/adnilis/wma/plugins/mysql/scanner.go:154.25,156.10 2 1
github.com/adnilis/wma/plugins/mysql/scanner.go:159.3,159.16 1 1
github.com/adnilis/wma/plugins/mysql/scanner.go:159.16,161.4 1 0
github.com/adnilis/wma/plugins/mysql/scanner.go:162.3,168.33 7 1
github.com/adnilis/wma/plugins/mysql/scanner.go:168.33,169.25 1 1
github.com/adnilis/wma/plugins/mysql/scanner.go:169.25,170.13 1 1
github.com/adnilis/wma/plugins/mysql/scanner.go:172.4,172.14 1 1
github.com/adnilis/wma/plugins/mysql/scanner.go:172.14,174.5 1 1
github.com/adnilis/wma/plugins/mysql/scanner.go:175.4,177.26 3 1
github.com/adnilis/wma/plugins/mysql/scanner.go:179.3,182.32 4 1
github.com/adnilis/wma/plugins/mysql/scanner.go:197.50,198.18 1 1
github.com/adnilis/wma/plugins/mysql/scanner.go:198.18,200.3 1 1
github.com/adnilis/wma/plugins/mysql/scanner.go:202.2,203.56 2 1
github.com/adnilis/wma/plugins/mysql/scanner.go:203.56,205.3 1 1
github.com/adnilis/wma/plugins/mysql/scanner.go:207.2,210.37 2 1
github.com/adnilis/wma/plugins/mysql/scanner.go:210.37,213.3 2 1
github.com/adnilis/wma/plugins/mysql/scanner.go:216.2,228.3 4 1
github.com/adnilis/wma/plugins/mysql/scanner.go:238.49,239.38 1 1
github.com/adnilis/wma/plugins/mysql/scanner.go:239.38,241.3 1 1
github.com/adnilis/wma/plugins/mysql/scanner.go:243.2,244.42 2 1
github.com/adnilis/wma/plugins/mysql/scanner.go:244.42,249.3 1 1
github.com/adnilis/wma/plugins/mysql/scanner.go:250.2,250.15 1 1
github.com/adnilis/wma/plugins/mysql/scanner.go:255.69,256.69 1 1
github.com/adnilis/wma/plugins/mysql/scanner.go:256.69,258.3 1 1
github.com/adnilis/wma/plugins/mysql/scanner.go:259.2,259.79 1 1
github.com/adnilis/wma/plugins/mysql/scanner.go:265.65,266.49 1 1
github.com/adnilis/wma/plugins/mysql/scanner.go:266.49,268.3 1 0
github.com/adnilis/wma/plugins/mysql/scanner.go:270.2,271.42 2 1
github.com/adnilis/wma/plugins/mysql/scanner.go:271.42,273.3 1 1
github.com/adnilis/wma/plugins/mysql/scanner.go:275.2,275.37 1 1
github.com/adnilis/wma/plugins/mysql/scanner.go:281.65,282.50 1 1
github.com/adnilis/wma/plugins/mysql/scanner.go:282.50,284.3 1 0
github.com/adnilis/wma/plugins/mysql/scanner.go:286.2,287.42 2 1
github.com/adnilis/wma/plugins/mysql/scanner.go:287.42,289.3 1 1
github.com/adnilis/wma/plugins/mysql/scanner.go:291.2,291.40 1 1
github.com/adnilis/wma/plugins/mysql/scanner.go:296.75,297.46 1 1
github.com/adnilis/wma/plugins/mysql/scanner.go:297.46,299.3 1 1
github.com/adnilis/wma/plugins/mysql/scanner.go:300.2,300.33 1 1
github.com/adnilis/wma/plugins/mysql/scanner.go:300.33,302.3 1 0
github.com/adnilis/wma/plugins/mysql/scanner.go:305.2,306.42 2 1
github.com/adnilis/wma/plugins/mysql/scanner.go:306.42,307.35 1 1
github.com/adnilis/wma/plugins/mysql/scanner.go:307.35,309.4 1 1
github.com/adnilis/wma/plugins/mysql/scanner.go:311.2,312.42 2 1
github.com/adnilis/wma/plugins/mysql/scanner.go:312.42,313.35 1 1
github.com/adnilis/wma/plugins/mysql/scanner.go:313.35,314.12 1 1
github.com/adnilis/wma/plugins/mysql/scanner.go:316.3,316.68 1 1
github.com/adnilis/wma/plugins/mysql/scanner.go:319.2,319.15 1 1
github.com/adnilis/wma/plugins/mysql/scanner.go:319.15,321.3 1 1
github.com/adnilis/wma/plugins/mysql/scanner.go:321.8,321.33 1 1
github.com/adnilis/wma/plugins/mysql/scanner.go:321.33,323.3 1 1
github.com/adnilis/wma/plugins/mysql/scanner.go:323.8,325.3 1 0
github.com/adnilis/wma/plugins/mysql/scanner.go:327.2,327.41 1 1
github.com/adnilis/wma/plugins/mysql/scanner.go:332.75,333.20 1 1
github.com/adnilis/wma/plugins/mysql/scanner.go:333.20,335.3 1 0
github.com/adnilis/wma/plugins/mysql/scanner.go:336.2,336.51 1 1
github.com/adnilis/wma/plugins/mysql/scanner.go:336.51,338.3 1 1
github.com/adnilis/wma/plugins/mysql/scanner.go:339.2,339.46 1 1
github.com/adnilis/wma/plugins/mysql/scanner.go:343.90,348.17 5 1
github.com/adnilis/wma/plugins/mysql/scanner.go:348.17,351.3 2 1
github.com/adnilis/wma/plugins/mysql/scanner.go:352.2,352.36 1 1
github.com/adnilis/wma/plugins/mysql/scanner.go:357.53,358.51 1 1
github.com/adnilis/wma/plugins/mysql/scanner.go:358.51,361.47 2 0
github.com/adnilis/wma/plugins/mysql/scanner.go:361.47,363.4 1 0
github.com/adnilis/wma/plugins/mysql/scanner.go:364.3,364.63 1 0
github.com/adnilis/wma/plugins/mysql/scanner.go:366.2,366.30 1 1
github.com/adnilis/wma/plugins/mysql/transaction.go:31.62,36.16 4 1
github.com/adnilis/wma/plugins/mysql/transaction.go:36.16,39.3 2 1
github.com/adnilis/wma/plugins/mysql/transaction.go:41.2,43.12 3 1
github.com/adnilis/wma/plugins/mysql/transaction.go:48.64,53.40 4 1
github.com/adnilis/wma/plugins/mysql/transaction.go:53.40,56.3 2 0
github.com/adnilis/wma/plugins/mysql/transaction.go:58.2,60.12 3 1
github.com/adnilis/wma/plugins/mysql/transaction.go:73.42,75.24 2 1
github.com/adnilis/wma/plugins/mysql/transaction.go:75.24,77.30 1 1
github.com/adnilis/wma/plugins/mysql/transaction.go:77.30,79.4 1 1
github.com/adnilis/wma/plugins/mysql/transaction.go:81.3,81.65 1 1
github.com/adnilis/wma/plugins/mysql/transaction.go:81.65,84.4 2 0
github.com/adnilis/wma/plugins/mysql/transaction.go:85.3,85.18 1 1
github.com/adnilis/wma/plugins/mysql/transaction.go:87.2,87.17 1 1
github.com/adnilis/wma/plugins/mysql/transaction.go:91.112,96.16 4 0
github.com/adnilis/wma/plugins/mysql/transaction.go:96.16,99.3 2 0
github.com/adnilis/wma/plugins/mysql/transaction.go:101.2,102.12 2 0
github.com/adnilis/wma/plugins/mysql/transaction.go:106.115,111.16 4 1
github.com/adnilis/wma/plugins/mysql/transaction.go:111.16,114.3 2 0
github.com/adnilis/wma/plugins/mysql/transaction.go:116.2,117.12 2 1
github.com/adnilis/wma/plugins/mysql/transaction.go:121.109,126.16 4 1
github.com/adnilis/wma/plugins/mysql/transaction.go:126.16,129.3 2 0
github.com/adnilis/wma/plugins/mysql/transaction.go:131.2,133.20 3 1
