mode: set
github.com/adnilis/wma/plugins/mysql/batch.go:17.105,19.16 2 1
github.com/adnilis/wma/plugins/mysql/batch.go:19.16,21.3 1 0
github.com/adnilis/wma/plugins/mysql/batch.go:23.2,23.22 1 1
github.com/adnilis/wma/plugins/mysql/batch.go:23.22,25.3 1 1
github.com/adnilis/wma/plugins/mysql/batch.go:27.2,27.20 1 1
github.com/adnilis/wma/plugins/mysql/batch.go:27.20,29.3 1 0
github.com/adnilis/wma/plugins/mysql/batch.go:31.2,34.46 2 1
github.com/adnilis/wma/plugins/mysql/batch.go:34.46,36.24 2 1
github.com/adnilis/wma/plugins/mysql/batch.go:36.24,38.4 1 1
github.com/adnilis/wma/plugins/mysql/batch.go:39.3,42.17 3 1
github.com/adnilis/wma/plugins/mysql/batch.go:42.17,44.4 1 0
github.com/adnilis/wma/plugins/mysql/batch.go:45.3,45.34 1 1
github.com/adnilis/wma/plugins/mysql/batch.go:48.2,48.20 1 1
github.com/adnilis/wma/plugins/mysql/batch.go:52.108,53.21 1 1
github.com/adnilis/wma/plugins/mysql/batch.go:53.21,55.3 1 0
github.com/adnilis/wma/plugins/mysql/batch.go:57.2,58.59 2 1
github.com/adnilis/wma/plugins/mysql/batch.go:58.59,60.3 1 0
github.com/adnilis/wma/plugins/mysql/batch.go:62.2,68.30 4 1
github.com/adnilis/wma/plugins/mysql/batch.go:68.30,72.28 3 1
github.com/adnilis/wma/plugins/mysql/batch.go:72.28,74.4 1 1
github.com/adnilis/wma/plugins/mysql/batch.go:78.2,83.43 6 1
github.com/adnilis/wma/plugins/mysql/batch.go:83.43,84.12 1 1
github.com/adnilis/wma/plugins/mysql/batch.go:84.12,86.4 1 1
github.com/adnilis/wma/plugins/mysql/batch.go:87.3,87.27 1 1
github.com/adnilis/wma/plugins/mysql/batch.go:89.2,90.23 2 1
github.com/adnilis/wma/plugins/mysql/batch.go:90.23,91.12 1 1
github.com/adnilis/wma/plugins/mysql/batch.go:91.12,93.4 1 1
github.com/adnilis/wma/plugins/mysql/batch.go:94.3,94.38 1 1
github.com/adnilis/wma/plugins/mysql/batch.go:97.2,104.16 5 1
github.com/adnilis/wma/plugins/mysql/batch.go:104.16,107.3 2 0
github.com/adnilis/wma/plugins/mysql/batch.go:110.2,111.16 2 1
github.com/adnilis/wma/plugins/mysql/batch.go:111.16,114.3 2 0
github.com/adnilis/wma/plugins/mysql/batch.go:122.2,123.21 2 1
github.com/adnilis/wma/plugins/mysql/batch.go:123.21,125.3 1 1
github.com/adnilis/wma/plugins/mysql/batch.go:127.2,128.17 2 1
github.com/adnilis/wma/plugins/mysql/build.go:44.68,45.14 1 1
github.com/adnilis/wma/plugins/mysql/build.go:46.16,47.29 1 1
github.com/adnilis/wma/plugins/mysql/build.go:47.29,52.18 5 1
github.com/adnilis/wma/plugins/mysql/build.go:52.18,55.5 2 1
github.com/adnilis/wma/plugins/mysql/build.go:56.4,56.42 1 1
github.com/adnilis/wma/plugins/mysql/build.go:58.23,62.30 4 1
github.com/adnilis/wma/plugins/mysql/build.go:62.30,63.14 1 1
github.com/adnilis/wma/plugins/mysql/build.go:63.14,65.5 1 1
github.com/adnilis/wma/plugins/mysql/build.go:65.10,68.5 2 0
github.com/adnilis/wma/plugins/mysql/build.go:69.4,69.42 1 1
github.com/adnilis/wma/plugins/mysql/build.go:71.23,73.30 2 1
github.com/adnilis/wma/plugins/mysql/build.go:73.30,74.14 1 1
github.com/adnilis/wma/plugins/mysql/build.go:74.14,76.5 1 1
github.com/adnilis/wma/plugins/mysql/build.go:76.10,79.5 2 1
github.com/adnilis/wma/plugins/mysql/build.go:80.4,80.42 1 1
github.com/adnilis/wma/plugins/mysql/build.go:82.23,86.46 4 1
github.com/adnilis/wma/plugins/mysql/build.go:87.23,89.46 2 1
github.com/adnilis/wma/plugins/mysql/build.go:90.24,94.31 4 0
github.com/adnilis/wma/plugins/mysql/build.go:94.31,95.14 1 0
github.com/adnilis/wma/plugins/mysql/build.go:95.14,97.5 1 0
github.com/adnilis/wma/plugins/mysql/build.go:97.10,100.5 2 0
github.com/adnilis/wma/plugins/mysql/build.go:101.4,101.42 1 0
github.com/adnilis/wma/plugins/mysql/build.go:103.24,105.31 2 1
github.com/adnilis/wma/plugins/mysql/build.go:105.31,106.14 1 1
github.com/adnilis/wma/plugins/mysql/build.go:106.14,108.5 1 1
github.com/adnilis/wma/plugins/mysql/build.go:108.10,111.5 2 0
github.com/adnilis/wma/plugins/mysql/build.go:112.4,112.42 1 1
github.com/adnilis/wma/plugins/mysql/build.go:114.23,118.46 4 1
github.com/adnilis/wma/plugins/mysql/build.go:119.23,121.46 2 1
github.com/adnilis/wma/plugins/mysql/build.go:122.23,126.39 4 1
github.com/adnilis/wma/plugins/mysql/build.go:127.24,128.39 1 1
github.com/adnilis/wma/plugins/mysql/build.go:129.24,133.40 4 1
github.com/adnilis/wma/plugins/mysql/build.go:134.25,135.40 1 1
github.com/adnilis/wma/plugins/mysql/build.go:142.66,144.36 1 1
github.com/adnilis/wma/plugins/mysql/build.go:144.36,146.3 1 1
github.com/adnilis/wma/plugins/mysql/build.go:148.2,160.23 6 1
github.com/adnilis/wma/plugins/mysql/build.go:160.23,162.19 2 1
github.com/adnilis/wma/plugins/mysql/build.go:162.19,166.44 3 1
github.com/adnilis/wma/plugins/mysql/build.go:166.44,167.24 1 1
github.com/adnilis/wma/plugins/mysql/build.go:167.24,170.11 3 1
github.com/adnilis/wma/plugins/mysql/build.go:173.4,173.19 1 1
github.com/adnilis/wma/plugins/mysql/build.go:173.19,175.5 1 1
github.com/adnilis/wma/plugins/mysql/build.go:177.4,182.6 1 1
github.com/adnilis/wma/plugins/mysql/build.go:187.2,187.24 1 1
github.com/adnilis/wma/plugins/mysql/build.go:187.24,189.19 2 1
github.com/adnilis/wma/plugins/mysql/build.go:189.19,194.20 3 1
github.com/adnilis/wma/plugins/mysql/build.go:194.20,197.47 2 1
github.com/adnilis/wma/plugins/mysql/build.go:197.47,198.85 1 1
github.com/adnilis/wma/plugins/mysql/build.go:198.85,205.52 2 0
github.com/adnilis/wma/plugins/mysql/build.go:205.52,207.13 2 0
github.com/adnilis/wma/plugins/mysql/build.go:213.4,218.6 1 1
github.com/adnilis/wma/plugins/mysql/build.go:219.9,222.88 2 1
github.com/adnilis/wma/plugins/mysql/build.go:222.88,223.79 1 1
github.com/adnilis/wma/plugins/mysql/build.go:223.79,225.6 1 1
github.com/adnilis/wma/plugins/mysql/build.go:228.4,233.6 1 1
github.com/adnilis/wma/plugins/mysql/build.go:238.2,238.24 1 1
github.com/adnilis/wma/plugins/mysql/build.go:238.24,239.56 1 1
github.com/adnilis/wma/plugins/mysql/build.go:239.56,242.76 2 1
github.com/adnilis/wma/plugins/mysql/build.go:242.76,243.82 1 1
github.com/adnilis/wma/plugins/mysql/build.go:243.82,245.6 1 0
github.com/adnilis/wma/plugins/mysql/build.go:248.4,253.6 1 1
github.com/adnilis/wma/plugins/mysql/build.go:254.9,257.76 2 1
github.com/adnilis/wma/plugins/mysql/build.go:257.76,258.79 1 1
github.com/adnilis/wma/plugins/mysql/build.go:258.79,260.6 1 0
github.com/adnilis/wma/plugins/mysql/build.go:263.4,268.6 1 1
github.com/adnilis/wma/plugins/mysql/build.go:273.2,273.25 1 1
github.com/adnilis/wma/plugins/mysql/build.go:273.25,274.55 1 1
github.com/adnilis/wma/plugins/mysql/build.go:274.55,277.65 2 0
github.com/adnilis/wma/plugins/mysql/build.go:277.65,278.82 1 0
github.com/adnilis/wma/plugins/mysql/build.go:278.82,280.6 1 0
github.com/adnilis/wma/plugins/mysql/build.go:283.4,288.6 1 0
github.com/adnilis/wma/plugins/mysql/build.go:289.9,292.65 2 1
github.com/adnilis/wma/plugins/mysql/build.go:292.65,293.79 1 1
github.com/adnilis/wma/plugins/mysql/build.go:293.79,295.6 1 0
github.com/adnilis/wma/plugins/mysql/build.go:298.4,303.6 1 1
github.com/adnilis/wma/plugins/mysql/build.go:308.2,308.24 1 1
github.com/adnilis/wma/plugins/mysql/build.go:308.24,309.56 1 1
github.com/adnilis/wma/plugins/mysql/build.go:309.56,312.53 2 1
github.com/adnilis/wma/plugins/mysql/build.go:312.53,313.82 1 1
github.com/adnilis/wma/plugins/mysql/build.go:313.82,315.6 1 0
github.com/adnilis/wma/plugins/mysql/build.go:318.4,323.6 1 1
github.com/adnilis/wma/plugins/mysql/build.go:324.9,327.53 2 1
github.com/adnilis/wma/plugins/mysql/build.go:327.53,328.79 1 1
github.com/adnilis/wma/plugins/mysql/build.go:328.79,330.6 1 0
github.com/adnilis/wma/plugins/mysql/build.go:333.4,338.6 1 1
github.com/adnilis/wma/plugins/mysql/build.go:343.2,343.18 1 1
github.com/adnilis/wma/plugins/mysql/build.go:343.18,345.19 2 1
github.com/adnilis/wma/plugins/mysql/build.go:345.19,353.4 1 1
github.com/adnilis/wma/plugins/mysql/build.go:353.9,357.82 3 1
github.com/adnilis/wma/plugins/mysql/build.go:357.82,359.5 1 1
github.com/adnilis/wma/plugins/mysql/build.go:360.4,365.6 1 1
github.com/adnilis/wma/plugins/mysql/build.go:370.2,370.19 1 1
github.com/adnilis/wma/plugins/mysql/build.go:370.19,372.20 2 1
github.com/adnilis/wma/plugins/mysql/build.go:372.20,375.68 2 1
github.com/adnilis/wma/plugins/mysql/build.go:375.68,377.5 1 0
github.com/adnilis/wma/plugins/mysql/build.go:379.4,384.6 1 1
github.com/adnilis/wma/plugins/mysql/build.go:385.9,389.82 3 1
github.com/adnilis/wma/plugins/mysql/build.go:389.82,391.5 1 1
github.com/adnilis/wma/plugins/mysql/build.go:392.4,397.6 1 1
github.com/adnilis/wma/plugins/mysql/build.go:402.2,402.34 1 1
github.com/adnilis/wma/plugins/mysql/build.go:402.34,403.63 1 1
github.com/adnilis/wma/plugins/mysql/build.go:403.63,405.4 1 0
github.com/adnilis/wma/plugins/mysql/build.go:410.2,414.23 5 1
github.com/adnilis/wma/plugins/mysql/build.go:414.23,418.37 3 1
github.com/adnilis/wma/plugins/mysql/build.go:418.37,419.53 1 1
github.com/adnilis/wma/plugins/mysql/build.go:419.53,422.5 2 1
github.com/adnilis/wma/plugins/mysql/build.go:425.3,426.25 2 1
github.com/adnilis/wma/plugins/mysql/build.go:429.2,431.36 3 1
github.com/adnilis/wma/plugins/mysql/build.go:431.36,432.52 1 1
github.com/adnilis/wma/plugins/mysql/build.go:432.52,435.4 2 1
github.com/adnilis/wma/plugins/mysql/build.go:439.2,443.32 4 1
github.com/adnilis/wma/plugins/mysql/config.go:49.75,65.16 2 1
github.com/adnilis/wma/plugins/mysql/config.go:65.16,67.3 1 1
github.com/adnilis/wma/plugins/mysql/config.go:70.2,70.20 1 1
github.com/adnilis/wma/plugins/mysql/config.go:70.20,72.3 1 1
github.com/adnilis/wma/plugins/mysql/config.go:73.2,73.20 1 1
github.com/adnilis/wma/plugins/mysql/config.go:73.20,75.3 1 1
github.com/adnilis/wma/plugins/mysql/config.go:76.2,76.24 1 1
github.com/adnilis/wma/plugins/mysql/config.go:76.24,78.3 1 1
github.com/adnilis/wma/plugins/mysql/config.go:79.2,79.22 1 1
github.com/adnilis/wma/plugins/mysql/config.go:79.22,81.3 1 1
github.com/adnilis/wma/plugins/mysql/config.go:82.2,82.22 1 1
github.com/adnilis/wma/plugins/mysql/config.go:82.22,84.3 1 1
github.com/adnilis/wma/plugins/mysql/config.go:85.2,85.27 1 1
github.com/adnilis/wma/plugins/mysql/config.go:85.27,87.3 1 1
github.com/adnilis/wma/plugins/mysql/config.go:88.2,88.27 1 1
github.com/adnilis/wma/plugins/mysql/config.go:88.27,90.3 1 1
github.com/adnilis/wma/plugins/mysql/config.go:91.2,91.25 1 1
github.com/adnilis/wma/plugins/mysql/config.go:91.25,93.3 1 1
github.com/adnilis/wma/plugins/mysql/config.go:94.2,94.25 1 1
github.com/adnilis/wma/plugins/mysql/config.go:94.25,96.3 1 0
github.com/adnilis/wma/plugins/mysql/config.go:97.2,97.25 1 1
github.com/adnilis/wma/plugins/mysql/config.go:97.25,99.3 1 0
github.com/adnilis/wma/plugins/mysql/config.go:100.2,100.25 1 1
github.com/adnilis/wma/plugins/mysql/config.go:100.25,102.3 1 0
github.com/adnilis/wma/plugins/mysql/config.go:103.2,103.26 1 1
github.com/adnilis/wma/plugins/mysql/config.go:103.26,105.3 1 1
github.com/adnilis/wma/plugins/mysql/config.go:107.2,109.19 3 1
github.com/adnilis/wma/plugins/mysql/config.go:109.19,111.3 1 1
github.com/adnilis/wma/plugins/mysql/config.go:112.2,112.27 1 1
github.com/adnilis/wma/plugins/mysql/config.go:112.27,114.3 1 1
github.com/adnilis/wma/plugins/mysql/config.go:116.2,116.15 1 1
github.com/adnilis/wma/plugins/mysql/config.go:122.45,123.37 1 1
github.com/adnilis/wma/plugins/mysql/config.go:123.37,125.3 1 1
github.com/adnilis/wma/plugins/mysql/config.go:126.2,126.37 1 1
github.com/adnilis/wma/plugins/mysql/config.go:126.37,128.3 1 1
github.com/adnilis/wma/plugins/mysql/config.go:129.2,129.39 1 1
github.com/adnilis/wma/plugins/mysql/config.go:129.39,131.3 1 1
github.com/adnilis/wma/plugins/mysql/config.go:132.2,132.20 1 1
github.com/adnilis/wma/plugins/mysql/config.go:132.20,134.3 1 1
github.com/adnilis/wma/plugins/mysql/config.go:135.2,135.24 1 1
github.com/adnilis/wma/plugins/mysql/config.go:135.24,137.3 1 1
github.com/adnilis/wma/plugins/mysql/config.go:138.2,138.12 1 1
github.com/adnilis/wma/plugins/mysql/dsn.go:10.46,12.15 2 1
github.com/adnilis/wma/plugins/mysql/dsn.go:12.15,14.3 1 0
github.com/adnilis/wma/plugins/mysql/dsn.go:17.2,18.50 2 1
github.com/adnilis/wma/plugins/mysql/dsn.go:18.50,20.3 1 1
github.com/adnilis/wma/plugins/mysql/dsn.go:22.2,32.30 2 1
github.com/adnilis/wma/plugins/mysql/helper.go:15.42,16.16 1 1
github.com/adnilis/wma/plugins/mysql/helper.go:16.16,18.3 1 1
github.com/adnilis/wma/plugins/mysql/helper.go:19.2,19.42 1 1
github.com/adnilis/wma/plugins/mysql/helper.go:24.45,26.30 2 1
github.com/adnilis/wma/plugins/mysql/helper.go:26.30,28.3 1 1
github.com/adnilis/wma/plugins/mysql/helper.go:29.2,29.13 1 1
github.com/adnilis/wma/plugins/mysql/helper.go:38.44,39.17 1 1
github.com/adnilis/wma/plugins/mysql/helper.go:39.17,41.3 1 1
github.com/adnilis/wma/plugins/mysql/helper.go:42.2,43.14 2 1
github.com/adnilis/wma/plugins/mysql/helper.go:43.14,45.3 1 0
github.com/adnilis/wma/plugins/mysql/helper.go:46.2,46.29 1 1
github.com/adnilis/wma/plugins/mysql/helper.go:46.29,48.3 1 1
github.com/adnilis/wma/plugins/mysql/helper.go:49.2,49.31 1 1
github.com/adnilis/wma/plugins/mysql/helper.go:49.31,51.3 1 1
github.com/adnilis/wma/plugins/mysql/helper.go:52.2,52.32 1 1
github.com/adnilis/wma/plugins/mysql/helper.go:52.32,54.3 1 1
github.com/adnilis/wma/plugins/mysql/helper.go:55.2,55.58 1 1
github.com/adnilis/wma/plugins/mysql/helper.go:55.58,57.3 1 1
github.com/adnilis/wma/plugins/mysql/helper.go:58.2,58.36 1 1
github.com/adnilis/wma/plugins/mysql/helper.go:68.35,72.26 4 1
github.com/adnilis/wma/plugins/mysql/helper.go:72.26,73.27 1 1
github.com/adnilis/wma/plugins/mysql/helper.go:73.27,74.13 1 1
github.com/adnilis/wma/plugins/mysql/helper.go:74.13,78.35 4 1
github.com/adnilis/wma/plugins/mysql/helper.go:78.35,80.6 1 1
github.com/adnilis/wma/plugins/mysql/helper.go:82.4,83.12 2 1
github.com/adnilis/wma/plugins/mysql/helper.go:85.3,85.22 1 1
github.com/adnilis/wma/plugins/mysql/helper.go:87.2,87.24 1 1
github.com/adnilis/wma/plugins/mysql/helper.go:99.56,100.16 1 1
github.com/adnilis/wma/plugins/mysql/helper.go:100.16,102.3 1 1
github.com/adnilis/wma/plugins/mysql/helper.go:103.2,103.59 1 1
github.com/adnilis/wma/plugins/mysql/helper.go:107.44,109.2 1 1
github.com/adnilis/wma/plugins/mysql/helper.go:112.44,114.2 1 1
github.com/adnilis/wma/plugins/mysql/logger.go:28.60,29.19 1 1
github.com/adnilis/wma/plugins/mysql/logger.go:29.19,31.3 1 1
github.com/adnilis/wma/plugins/mysql/logger.go:32.2,36.3 1 1
github.com/adnilis/wma/plugins/mysql/logger.go:40.41,42.2 1 1
github.com/adnilis/wma/plugins/mysql/logger.go:45.41,47.2 1 1
github.com/adnilis/wma/plugins/mysql/logger.go:52.125,53.21 1 1
github.com/adnilis/wma/plugins/mysql/logger.go:53.21,55.3 1 1
github.com/adnilis/wma/plugins/mysql/logger.go:57.2,59.75 3 1
github.com/adnilis/wma/plugins/mysql/logger.go:64.129,65.34 1 1
github.com/adnilis/wma/plugins/mysql/logger.go:65.34,67.3 1 1
github.com/adnilis/wma/plugins/mysql/logger.go:69.2,69.58 1 1
github.com/adnilis/wma/plugins/mysql/logger.go:69.58,74.3 3 1
github.com/adnilis/wma/plugins/mysql/logger.go:80.116,81.29 1 1
github.com/adnilis/wma/plugins/mysql/logger.go:81.29,83.3 1 1
github.com/adnilis/wma/plugins/mysql/logger.go:85.2,88.36 3 1
github.com/adnilis/wma/plugins/mysql/logger.go:93.102,94.21 1 1
github.com/adnilis/wma/plugins/mysql/logger.go:94.21,96.3 1 1
github.com/adnilis/wma/plugins/mysql/logger.go:98.2,99.48 2 1
github.com/adnilis/wma/plugins/mysql/logger.go:104.52,107.2 2 1
github.com/adnilis/wma/plugins/mysql/logger.go:115.70,116.20 1 1
github.com/adnilis/wma/plugins/mysql/logger.go:116.20,118.3 1 1
github.com/adnilis/wma/plugins/mysql/logger.go:121.2,122.27 2 1
github.com/adnilis/wma/plugins/mysql/logger.go:122.27,124.3 1 1
github.com/adnilis/wma/plugins/mysql/logger.go:127.2,128.30 2 1
github.com/adnilis/wma/plugins/mysql/logger.go:128.30,130.16 2 1
github.com/adnilis/wma/plugins/mysql/logger.go:130.16,131.9 1 0
github.com/adnilis/wma/plugins/mysql/logger.go:133.3,133.56 1 1
github.com/adnilis/wma/plugins/mysql/logger.go:137.2,137.36 1 1
github.com/adnilis/wma/plugins/mysql/logger.go:142.44,145.30 3 1
github.com/adnilis/wma/plugins/mysql/logger.go:145.30,147.3 1 1
github.com/adnilis/wma/plugins/mysql/logger.go:148.2,148.15 1 1
github.com/adnilis/wma/plugins/mysql/logger.go:153.61,159.6 5 1
github.com/adnilis/wma/plugins/mysql/logger.go:159.6,162.23 2 1
github.com/adnilis/wma/plugins/mysql/logger.go:162.23,163.9 1 1
github.com/adnilis/wma/plugins/mysql/logger.go:165.3,168.72 2 1
github.com/adnilis/wma/plugins/mysql/logger.go:168.72,170.12 2 0
github.com/adnilis/wma/plugins/mysql/logger.go:172.3,172.110 1 1
github.com/adnilis/wma/plugins/mysql/logger.go:172.110,174.12 2 0
github.com/adnilis/wma/plugins/mysql/logger.go:178.3,180.111 2 1
github.com/adnilis/wma/plugins/mysql/logger.go:180.111,182.4 1 1
github.com/adnilis/wma/plugins/mysql/logger.go:183.3,184.21 2 1
github.com/adnilis/wma/plugins/mysql/logger.go:184.21,186.12 2 0
github.com/adnilis/wma/plugins/mysql/logger.go:189.3,192.38 2 1
github.com/adnilis/wma/plugins/mysql/logger.go:192.38,194.12 2 0
github.com/adnilis/wma/plugins/mysql/logger.go:198.3,198.79 1 1
github.com/adnilis/wma/plugins/mysql/logger.go:198.79,200.12 2 1
github.com/adnilis/wma/plugins/mysql/logger.go:204.3,209.39 4 1
github.com/adnilis/wma/plugins/mysql/logger.go:212.2,212.15 1 1
github.com/adnilis/wma/plugins/mysql/logger.go:216.40,218.2 1 1
github.com/adnilis/wma/plugins/mysql/logger.go:221.53,223.98 1 1
github.com/adnilis/wma/plugins/mysql/logger.go:223.98,225.3 1 1
github.com/adnilis/wma/plugins/mysql/logger.go:227.2,227.25 1 1
github.com/adnilis/wma/plugins/mysql/logger.go:227.25,229.3 1 1
github.com/adnilis/wma/plugins/mysql/logger.go:232.2,232.25 1 1
github.com/adnilis/wma/plugins/mysql/logger.go:232.25,234.3 1 1
github.com/adnilis/wma/plugins/mysql/logger.go:237.2,238.23 2 1
github.com/adnilis/wma/plugins/mysql/logger.go:238.23,240.77 2 1
github.com/adnilis/wma/plugins/mysql/logger.go:240.77,241.9 1 1
github.com/adnilis/wma/plugins/mysql/logger.go:243.3,243.8 1 1
github.com/adnilis/wma/plugins/mysql/logger.go:246.2,246.18 1 1
github.com/adnilis/wma/plugins/mysql/logger.go:246.18,248.3 1 0
github.com/adnilis/wma/plugins/mysql/logger.go:250.2,250.12 1 1
github.com/adnilis/wma/plugins/mysql/logger.go:254.32,255.16 1 1
github.com/adnilis/wma/plugins/mysql/logger.go:255.16,257.3 1 1
github.com/adnilis/wma/plugins/mysql/logger.go:259.2,259.25 1 1
github.com/adnilis/wma/plugins/mysql/logger.go:260.14,263.29 2 1
github.com/adnilis/wma/plugins/mysql/logger.go:264.14,265.32 1 1
github.com/adnilis/wma/plugins/mysql/logger.go:266.17,267.53 1 1
github.com/adnilis/wma/plugins/mysql/logger.go:268.12,269.8 1 1
github.com/adnilis/wma/plugins/mysql/logger.go:269.8,271.4 1 1
github.com/adnilis/wma/plugins/mysql/logger.go:272.3,272.17 1 1
github.com/adnilis/wma/plugins/mysql/logger.go:273.10,274.32 1 1
github.com/adnilis/wma/plugins/mysql/orm.go:13.116,14.26 1 1
github.com/adnilis/wma/plugins/mysql/orm.go:14.26,16.3 1 1
github.com/adnilis/wma/plugins/mysql/orm.go:17.2,17.73 1 0
github.com/adnilis/wma/plugins/mysql/orm.go:22.58,24.16 2 1
github.com/adnilis/wma/plugins/mysql/orm.go:24.16,26.3 1 0
github.com/adnilis/wma/plugins/mysql/orm.go:28.2,29.16 2 1
github.com/adnilis/wma/plugins/mysql/orm.go:29.16,31.3 1 0
github.com/adnilis/wma/plugins/mysql/orm.go:33.2,36.8 1 1
github.com/adnilis/wma/plugins/mysql/orm.go:41.95,48.2 6 1
github.com/adnilis/wma/plugins/mysql/orm.go:52.65,58.35 4 1
github.com/adnilis/wma/plugins/mysql/orm.go:58.35,61.3 2 1
github.com/adnilis/wma/plugins/mysql/orm.go:63.2,64.11 2 1
github.com/adnilis/wma/plugins/mysql/orm.go:69.61,71.18 2 1
github.com/adnilis/wma/plugins/mysql/orm.go:71.18,74.3 2 1
github.com/adnilis/wma/plugins/mysql/orm.go:76.2,78.35 2 1
github.com/adnilis/wma/plugins/mysql/orm.go:78.35,81.3 2 1
github.com/adnilis/wma/plugins/mysql/orm.go:83.2,86.11 4 1
github.com/adnilis/wma/plugins/mysql/orm.go:91.80,93.16 2 1
github.com/adnilis/wma/plugins/mysql/orm.go:93.16,95.3 1 1
github.com/adnilis/wma/plugins/mysql/orm.go:97.2,99.16 3 1
github.com/adnilis/wma/plugins/mysql/orm.go:99.16,101.3 1 0
github.com/adnilis/wma/plugins/mysql/orm.go:103.2,107.16 4 1
github.com/adnilis/wma/plugins/mysql/orm.go:107.16,110.3 2 0
github.com/adnilis/wma/plugins/mysql/orm.go:112.2,113.16 2 1
github.com/adnilis/wma/plugins/mysql/orm.go:113.16,116.3 2 0
github.com/adnilis/wma/plugins/mysql/orm.go:118.2,119.16 2 1
github.com/adnilis/wma/plugins/mysql/orm.go:125.107,127.16 2 1
github.com/adnilis/wma/plugins/mysql/orm.go:127.16,129.3 1 0
github.com/adnilis/wma/plugins/mysql/orm.go:131.2,133.16 3 1
github.com/adnilis/wma/plugins/mysql/orm.go:133.16,135.3 1 0
github.com/adnilis/wma/plugins/mysql/orm.go:137.2,147.16 8 1
github.com/adnilis/wma/plugins/mysql/orm.go:147.16,150.3 2 0
github.com/adnilis/wma/plugins/mysql/orm.go:152.2,153.16 2 1
github.com/adnilis/wma/plugins/mysql/orm.go:153.16,156.3 2 0
github.com/adnilis/wma/plugins/mysql/orm.go:158.2,159.26 2 1
github.com/adnilis/wma/plugins/mysql/orm.go:165.107,167.16 2 1
github.com/adnilis/wma/plugins/mysql/orm.go:167.16,169.3 1 0
github.com/adnilis/wma/plugins/mysql/orm.go:171.2,173.16 3 1
github.com/adnilis/wma/plugins/mysql/orm.go:173.16,175.3 1 0
github.com/adnilis/wma/plugins/mysql/orm.go:177.2,181.16 4 1
github.com/adnilis/wma/plugins/mysql/orm.go:181.16,184.3 2 0
github.com/adnilis/wma/plugins/mysql/orm.go:186.2,187.16 2 1
github.com/adnilis/wma/plugins/mysql/orm.go:187.16,190.3 2 0
github.com/adnilis/wma/plugins/mysql/orm.go:192.2,193.26 2 1
github.com/adnilis/wma/plugins/mysql/orm.go:198.80,200.16 2 1
github.com/adnilis/wma/plugins/mysql/orm.go:200.16,202.3 1 0
github.com/adnilis/wma/plugins/mysql/orm.go:204.2,211.26 6 1
github.com/adnilis/wma/plugins/mysql/orm.go:211.26,214.3 2 1
github.com/adnilis/wma/plugins/mysql/orm.go:216.2,216.16 1 1
github.com/adnilis/wma/plugins/mysql/orm.go:216.16,219.3 2 0
github.com/adnilis/wma/plugins/mysql/orm.go:221.2,222.12 2 1
github.com/adnilis/wma/plugins/mysql/orm.go:227.92,229.16 2 1
github.com/adnilis/wma/plugins/mysql/orm.go:229.16,231.3 1 0
github.com/adnilis/wma/plugins/mysql/orm.go:233.2,235.16 3 1
github.com/adnilis/wma/plugins/mysql/orm.go:235.16,237.3 1 0
github.com/adnilis/wma/plugins/mysql/orm.go:239.2,243.16 4 1
github.com/adnilis/wma/plugins/mysql/orm.go:243.16,246.3 2 0
github.com/adnilis/wma/plugins/mysql/orm.go:248.2,249.16 2 1
github.com/adnilis/wma/plugins/mysql/orm.go:249.16,252.3 2 0
github.com/adnilis/wma/plugins/mysql/orm.go:254.2,255.26 2 1
github.com/adnilis/wma/plugins/mysql/orm.go:261.92,263.16 2 1
github.com/adnilis/wma/plugins/mysql/orm.go:263.16,265.3 1 0
github.com/adnilis/wma/plugins/mysql/orm.go:267.2,269.16 3 1
github.com/adnilis/wma/plugins/mysql/orm.go:269.16,271.3 1 0
github.com/adnilis/wma/plugins/mysql/orm.go:273.2,277.16 4 1
github.com/adnilis/wma/plugins/mysql/orm.go:277.16,280.3 2 0
github.com/adnilis/wma/plugins/mysql/orm.go:282.2,283.16 2 1
github.com/adnilis/wma/plugins/mysql/orm.go:283.16,286.3 2 0
github.com/adnilis/wma/plugins/mysql/orm.go:288.2,289.26 2 1
github.com/adnilis/wma/plugins/mysql/orm.go:294.94,295.17 1 1
github.com/adnilis/wma/plugins/mysql/orm.go:295.17,297.3 1 1
github.com/adnilis/wma/plugins/mysql/orm.go:299.2,300.16 2 1
github.com/adnilis/wma/plugins/mysql/orm.go:300.16,302.3 1 0
github.com/adnilis/wma/plugins/mysql/orm.go:304.2,308.16 4 1
github.com/adnilis/wma/plugins/mysql/orm.go:308.16,311.3 2 0
github.com/adnilis/wma/plugins/mysql/orm.go:313.2,314.97 2 1
github.com/adnilis/wma/plugins/mysql/orm.go:314.97,316.3 1 1
github.com/adnilis/wma/plugins/mysql/orm.go:317.2,318.12 2 1
github.com/adnilis/wma/plugins/mysql/orm.go:324.91,325.17 1 1
github.com/adnilis/wma/plugins/mysql/orm.go:325.17,327.3 1 1
github.com/adnilis/wma/plugins/mysql/orm.go:329.2,330.16 2 1
github.com/adnilis/wma/plugins/mysql/orm.go:330.16,332.3 1 0
github.com/adnilis/wma/plugins/mysql/orm.go:334.2,338.26 4 1
github.com/adnilis/wma/plugins/mysql/orm.go:338.26,341.3 2 1
github.com/adnilis/wma/plugins/mysql/orm.go:343.2,343.16 1 1
github.com/adnilis/wma/plugins/mysql/orm.go:343.16,346.3 2 0
github.com/adnilis/wma/plugins/mysql/orm.go:348.2,349.12 2 1
github.com/adnilis/wma/plugins/mysql/orm.go:355.91,357.16 2 1
github.com/adnilis/wma/plugins/mysql/orm.go:357.16,359.3 1 0
github.com/adnilis/wma/plugins/mysql/orm.go:361.2,365.16 4 1
github.com/adnilis/wma/plugins/mysql/orm.go:365.16,368.3 2 0
github.com/adnilis/wma/plugins/mysql/orm.go:370.2,371.16 2 1
github.com/adnilis/wma/plugins/mysql/orm.go:371.16,374.3 2 0
github.com/adnilis/wma/plugins/mysql/orm.go:376.2,377.26 2 1
github.com/adnilis/wma/plugins/mysql/orm.go:383.102,385.16 2 1
github.com/adnilis/wma/plugins/mysql/orm.go:385.16,387.3 1 0
github.com/adnilis/wma/plugins/mysql/orm.go:389.2,393.16 4 1
github.com/adnilis/wma/plugins/mysql/orm.go:393.16,396.3 2 0
github.com/adnilis/wma/plugins/mysql/orm.go:398.2,399.16 2 1
github.com/adnilis/wma/plugins/mysql/orm.go:399.16,402.3 2 0
github.com/adnilis/wma/plugins/mysql/orm.go:404.2,405.16 2 1
github.com/adnilis/wma/plugins/mysql/orm.go:412.106,413.31 1 1
github.com/adnilis/wma/plugins/mysql/orm.go:413.31,415.3 1 1
github.com/adnilis/wma/plugins/mysql/orm.go:417.2,418.16 2 1
github.com/adnilis/wma/plugins/mysql/orm.go:418.16,420.3 1 0
github.com/adnilis/wma/plugins/mysql/orm.go:422.2,423.17 2 1
github.com/adnilis/wma/plugins/mysql/orm.go:423.17,425.3 1 1
github.com/adnilis/wma/plugins/mysql/orm.go:427.2,435.16 5 1
github.com/adnilis/wma/plugins/mysql/orm.go:435.16,438.3 2 0
github.com/adnilis/wma/plugins/mysql/orm.go:440.2,441.26 2 1
github.com/adnilis/wma/plugins/mysql/orm.go:448.106,450.16 2 1
github.com/adnilis/wma/plugins/mysql/orm.go:450.16,452.3 1 0
github.com/adnilis/wma/plugins/mysql/orm.go:453.2,453.23 1 1
github.com/adnilis/wma/plugins/mysql/orm.go:458.71,461.2 2 1
github.com/adnilis/wma/plugins/mysql/orm.go:466.69,467.18 1 1
github.com/adnilis/wma/plugins/mysql/orm.go:467.18,469.3 1 1
github.com/adnilis/wma/plugins/mysql/orm.go:471.2,472.35 2 1
github.com/adnilis/wma/plugins/mysql/orm.go:472.35,473.18 1 1
github.com/adnilis/wma/plugins/mysql/orm.go:473.18,475.4 1 0
github.com/adnilis/wma/plugins/mysql/orm.go:476.8,478.3 1 0
github.com/adnilis/wma/plugins/mysql/orm.go:480.2,482.9 3 1
github.com/adnilis/wma/plugins/mysql/orm.go:482.9,484.3 1 0
github.com/adnilis/wma/plugins/mysql/orm.go:487.2,487.38 1 1
github.com/adnilis/wma/plugins/mysql/orm.go:487.38,490.3 2 1
github.com/adnilis/wma/plugins/mysql/orm.go:492.2,493.12 2 1
github.com/adnilis/wma/plugins/mysql/orm.go:499.74,501.21 2 1
github.com/adnilis/wma/plugins/mysql/orm.go:501.21,503.3 1 1
github.com/adnilis/wma/plugins/mysql/orm.go:506.2,507.36 2 1
github.com/adnilis/wma/plugins/mysql/orm.go:507.36,509.47 2 1
github.com/adnilis/wma/plugins/mysql/orm.go:509.47,511.4 1 1
github.com/adnilis/wma/plugins/mysql/orm.go:514.2,515.36 2 1
github.com/adnilis/wma/plugins/mysql/orm.go:520.92,522.2 1 1
github.com/adnilis/wma/plugins/mysql/plugin.go:40.71,49.2 2 1
github.com/adnilis/wma/plugins/mysql/plugin.go:52.45,54.2 1 1
github.com/adnilis/wma/plugins/mysql/plugin.go:57.37,59.2 1 1
github.com/adnilis/wma/plugins/mysql/plugin.go:62.48,67.44 3 0
github.com/adnilis/wma/plugins/mysql/plugin.go:67.44,69.3 1 0
github.com/adnilis/wma/plugins/mysql/plugin.go:71.2,72.12 2 0
github.com/adnilis/wma/plugins/mysql/plugin.go:77.37,79.2 1 0
github.com/adnilis/wma/plugins/mysql/plugin.go:84.49,86.15 2 1
github.com/adnilis/wma/plugins/mysql/plugin.go:86.15,88.3 1 1
github.com/adnilis/wma/plugins/mysql/plugin.go:89.2,89.16 1 1
github.com/adnilis/wma/plugins/mysql/plugin.go:93.55,95.15 2 0
github.com/adnilis/wma/plugins/mysql/plugin.go:95.15,97.3 1 0
github.com/adnilis/wma/plugins/mysql/plugin.go:98.2,98.28 1 0
github.com/adnilis/wma/plugins/mysql/plugin.go:102.42,119.34 5 1
github.com/adnilis/wma/plugins/mysql/plugin.go:119.34,128.3 8 1
github.com/adnilis/wma/plugins/mysql/plugin.go:130.2,130.14 1 1
github.com/adnilis/wma/plugins/mysql/plugin.go:134.43,135.11 1 1
github.com/adnilis/wma/plugins/mysql/plugin.go:136.29,137.17 1 1
github.com/adnilis/wma/plugins/mysql/plugin.go:138.31,139.19 1 1
github.com/adnilis/wma/plugins/mysql/plugin.go:140.32,141.20 1 0
github.com/adnilis/wma/plugins/mysql/plugin.go:142.31,143.19 1 1
github.com/adnilis/wma/plugins/mysql/plugin.go:144.10,145.19 1 0
github.com/adnilis/wma/plugins/mysql/pool.go:18.51,18.71 1 0
github.com/adnilis/wma/plugins/mysql/pool.go:19.51,19.77 1 0
github.com/adnilis/wma/plugins/mysql/pool.go:24.26,33.3 1 1
github.com/adnilis/wma/plugins/mysql/pool.go:37.50,41.2 3 1
github.com/adnilis/wma/plugins/mysql/pool.go:44.52,45.15 1 1
github.com/adnilis/wma/plugins/mysql/pool.go:45.15,48.3 2 1
github.com/adnilis/wma/plugins/mysql/pool.go:52.37,68.2 15 1
github.com/adnilis/wma/plugins/mysql/pool.go:71.56,77.16 3 0
github.com/adnilis/wma/plugins/mysql/pool.go:77.16,79.3 1 0
github.com/adnilis/wma/plugins/mysql/pool.go:82.2,88.34 5 0
github.com/adnilis/wma/plugins/mysql/pool.go:88.34,91.3 2 0
github.com/adnilis/wma/plugins/mysql/pool.go:94.2,108.12 7 0
github.com/adnilis/wma/plugins/mysql/pool.go:108.12,109.10 1 0
github.com/adnilis/wma/plugins/mysql/pool.go:110.21,110.21 0 0
github.com/adnilis/wma/plugins/mysql/pool.go:111.17,111.17 0 0
github.com/adnilis/wma/plugins/mysql/pool.go:113.3,113.24 1 0
github.com/adnilis/wma/plugins/mysql/pool.go:113.24,115.4 1 0
github.com/adnilis/wma/plugins/mysql/pool.go:118.2,119.12 2 0
github.com/adnilis/wma/plugins/mysql/pool.go:123.55,125.21 1 1
github.com/adnilis/wma/plugins/mysql/pool.go:125.21,127.3 1 1
github.com/adnilis/wma/plugins/mysql/pool.go:128.2,128.19 1 1
github.com/adnilis/wma/plugins/mysql/pool.go:128.19,130.3 1 1
github.com/adnilis/wma/plugins/mysql/pool.go:132.2,132.23 1 1
github.com/adnilis/wma/plugins/mysql/pool.go:132.23,135.3 2 1
github.com/adnilis/wma/plugins/mysql/pool.go:138.2,139.15 2 1
github.com/adnilis/wma/plugins/mysql/pool.go:139.15,140.36 1 1
github.com/adnilis/wma/plugins/mysql/pool.go:140.36,142.4 1 0
github.com/adnilis/wma/plugins/mysql/pool.go:145.2,150.12 5 1
github.com/adnilis/wma/plugins/mysql/query.go:67.72,68.19 1 1
github.com/adnilis/wma/plugins/mysql/query.go:68.19,70.3 1 0
github.com/adnilis/wma/plugins/mysql/query.go:71.2,71.22 1 1
github.com/adnilis/wma/plugins/mysql/query.go:71.22,73.3 1 0
github.com/adnilis/wma/plugins/mysql/query.go:75.2,79.46 3 1
github.com/adnilis/wma/plugins/mysql/query.go:79.46,81.3 1 1
github.com/adnilis/wma/plugins/mysql/query.go:81.8,81.52 1 0
github.com/adnilis/wma/plugins/mysql/query.go:81.52,85.37 3 0
github.com/adnilis/wma/plugins/mysql/query.go:85.37,87.4 1 0
github.com/adnilis/wma/plugins/mysql/query.go:89.2,91.11 2 1
github.com/adnilis/wma/plugins/mysql/query.go:99.93,100.19 1 1
github.com/adnilis/wma/plugins/mysql/query.go:100.19,102.3 1 0
github.com/adnilis/wma/plugins/mysql/query.go:103.2,105.11 3 1
github.com/adnilis/wma/plugins/mysql/query.go:109.88,111.2 1 0
github.com/adnilis/wma/plugins/mysql/query.go:114.87,116.2 1 0
github.com/adnilis/wma/plugins/mysql/query.go:119.88,121.2 1 0
github.com/adnilis/wma/plugins/mysql/query.go:124.84,125.19 1 1
github.com/adnilis/wma/plugins/mysql/query.go:125.19,127.3 1 0
github.com/adnilis/wma/plugins/mysql/query.go:128.2,130.11 3 1
github.com/adnilis/wma/plugins/mysql/query.go:134.81,135.19 1 0
github.com/adnilis/wma/plugins/mysql/query.go:135.19,137.3 1 0
github.com/adnilis/wma/plugins/mysql/query.go:138.2,140.11 3 0
github.com/adnilis/wma/plugins/mysql/query.go:144.82,145.19 1 0
github.com/adnilis/wma/plugins/mysql/query.go:145.19,147.3 1 0
github.com/adnilis/wma/plugins/mysql/query.go:148.2,150.11 3 0
github.com/adnilis/wma/plugins/mysql/query.go:154.71,155.19 1 1
github.com/adnilis/wma/plugins/mysql/query.go:155.19,157.3 1 0
github.com/adnilis/wma/plugins/mysql/query.go:158.2,160.11 3 1
github.com/adnilis/wma/plugins/mysql/query.go:164.85,165.19 1 1
github.com/adnilis/wma/plugins/mysql/query.go:165.19,167.3 1 0
github.com/adnilis/wma/plugins/mysql/query.go:168.2,170.11 3 1
github.com/adnilis/wma/plugins/mysql/query.go:174.67,175.19 1 1
github.com/adnilis/wma/plugins/mysql/query.go:175.19,177.3 1 0
github.com/adnilis/wma/plugins/mysql/query.go:178.2,180.11 3 1
github.com/adnilis/wma/plugins/mysql/query.go:184.69,185.27 1 0
github.com/adnilis/wma/plugins/mysql/query.go:185.27,187.3 1 0
github.com/adnilis/wma/plugins/mysql/query.go:188.2,189.11 2 0
github.com/adnilis/wma/plugins/mysql/query.go:193.70,194.27 1 0
github.com/adnilis/wma/plugins/mysql/query.go:194.27,196.3 1 0
github.com/adnilis/wma/plugins/mysql/query.go:197.2,198.11 2 0
github.com/adnilis/wma/plugins/mysql/query.go:202.64,203.33 1 1
github.com/adnilis/wma/plugins/mysql/query.go:203.33,205.3 1 0
github.com/adnilis/wma/plugins/mysql/query.go:206.2,208.11 3 1
github.com/adnilis/wma/plugins/mysql/query.go:212.66,213.33 1 1
github.com/adnilis/wma/plugins/mysql/query.go:213.33,215.3 1 0
github.com/adnilis/wma/plugins/mysql/query.go:216.2,218.11 3 1
github.com/adnilis/wma/plugins/mysql/query.go:222.51,223.19 1 1
github.com/adnilis/wma/plugins/mysql/query.go:223.19,225.3 1 0
github.com/adnilis/wma/plugins/mysql/query.go:226.2,229.57 3 1
github.com/adnilis/wma/plugins/mysql/query.go:229.57,231.3 1 1
github.com/adnilis/wma/plugins/mysql/query.go:233.2,234.16 2 1
github.com/adnilis/wma/plugins/mysql/query.go:234.16,236.3 1 0
github.com/adnilis/wma/plugins/mysql/query.go:238.2,242.26 4 1
github.com/adnilis/wma/plugins/mysql/query.go:242.26,245.3 2 1
github.com/adnilis/wma/plugins/mysql/query.go:247.2,247.16 1 1
github.com/adnilis/wma/plugins/mysql/query.go:247.16,250.3 2 0
github.com/adnilis/wma/plugins/mysql/query.go:252.2,253.12 2 1
github.com/adnilis/wma/plugins/mysql/query.go:257.50,258.19 1 1
github.com/adnilis/wma/plugins/mysql/query.go:258.19,260.3 1 0
github.com/adnilis/wma/plugins/mysql/query.go:261.2,266.16 4 1
github.com/adnilis/wma/plugins/mysql/query.go:266.16,268.3 1 0
github.com/adnilis/wma/plugins/mysql/query.go:270.2,274.16 4 1
github.com/adnilis/wma/plugins/mysql/query.go:274.16,277.3 2 0
github.com/adnilis/wma/plugins/mysql/query.go:279.2,281.12 3 1
github.com/adnilis/wma/plugins/mysql/query.go:285.55,286.19 1 0
github.com/adnilis/wma/plugins/mysql/query.go:286.19,288.3 1 0
github.com/adnilis/wma/plugins/mysql/query.go:289.2,300.16 9 0
github.com/adnilis/wma/plugins/mysql/query.go:300.16,302.3 1 0
github.com/adnilis/wma/plugins/mysql/query.go:304.2,308.16 4 0
github.com/adnilis/wma/plugins/mysql/query.go:308.16,311.3 2 0
github.com/adnilis/wma/plugins/mysql/query.go:313.2,314.12 2 0
github.com/adnilis/wma/plugins/mysql/query.go:318.68,319.19 1 0
github.com/adnilis/wma/plugins/mysql/query.go:319.19,321.3 1 0
github.com/adnilis/wma/plugins/mysql/query.go:322.2,327.51 4 0
github.com/adnilis/wma/plugins/mysql/query.go:327.51,329.3 1 0
github.com/adnilis/wma/plugins/mysql/query.go:331.2,332.18 2 0
github.com/adnilis/wma/plugins/mysql/query.go:332.18,334.3 1 0
github.com/adnilis/wma/plugins/mysql/query.go:336.2,351.16 13 0
github.com/adnilis/wma/plugins/mysql/query.go:351.16,353.3 1 0
github.com/adnilis/wma/plugins/mysql/query.go:355.2,359.16 4 0
github.com/adnilis/wma/plugins/mysql/query.go:359.16,362.3 2 0
github.com/adnilis/wma/plugins/mysql/query.go:364.2,366.12 3 0
github.com/adnilis/wma/plugins/mysql/query.go:370.44,371.19 1 0
github.com/adnilis/wma/plugins/mysql/query.go:371.19,373.3 1 0
github.com/adnilis/wma/plugins/mysql/query.go:374.2,379.51 4 0
github.com/adnilis/wma/plugins/mysql/query.go:379.51,381.3 1 0
github.com/adnilis/wma/plugins/mysql/query.go:383.2,384.16 2 0
github.com/adnilis/wma/plugins/mysql/query.go:384.16,386.3 1 0
github.com/adnilis/wma/plugins/mysql/query.go:388.2,392.16 4 0
github.com/adnilis/wma/plugins/mysql/query.go:392.16,395.3 2 0
github.com/adnilis/wma/plugins/mysql/query.go:397.2,399.12 3 0
github.com/adnilis/wma/plugins/mysql/query.go:404.56,405.19 1 0
github.com/adnilis/wma/plugins/mysql/query.go:405.19,407.3 1 0
github.com/adnilis/wma/plugins/mysql/query.go:408.2,413.16 4 0
github.com/adnilis/wma/plugins/mysql/query.go:413.16,415.3 1 0
github.com/adnilis/wma/plugins/mysql/query.go:417.2,421.16 4 0
github.com/adnilis/wma/plugins/mysql/query.go:421.16,424.3 2 0
github.com/adnilis/wma/plugins/mysql/query.go:426.2,428.20 3 0
github.com/adnilis/wma/plugins/mysql/query.go:433.74,434.19 1 0
github.com/adnilis/wma/plugins/mysql/query.go:434.19,436.3 1 0
github.com/adnilis/wma/plugins/mysql/query.go:437.2,437.22 1 0
github.com/adnilis/wma/plugins/mysql/query.go:437.22,439.3 1 0
github.com/adnilis/wma/plugins/mysql/query.go:441.2,445.46 3 0
github.com/adnilis/wma/plugins/mysql/query.go:445.46,447.3 1 0
github.com/adnilis/wma/plugins/mysql/query.go:447.8,447.52 1 0
github.com/adnilis/wma/plugins/mysql/query.go:447.52,450.37 3 0
github.com/adnilis/wma/plugins/mysql/query.go:450.37,452.4 1 0
github.com/adnilis/wma/plugins/mysql/query.go:455.2,455.11 1 0
github.com/adnilis/wma/plugins/mysql/query.go:460.50,461.19 1 0
github.com/adnilis/wma/plugins/mysql/query.go:461.19,463.3 1 0
github.com/adnilis/wma/plugins/mysql/query.go:464.2,469.16 4 0
github.com/adnilis/wma/plugins/mysql/query.go:469.16,471.3 1 0
github.com/adnilis/wma/plugins/mysql/query.go:473.2,477.26 4 0
github.com/adnilis/wma/plugins/mysql/query.go:477.26,480.3 2 0
github.com/adnilis/wma/plugins/mysql/query.go:482.2,482.16 1 0
github.com/adnilis/wma/plugins/mysql/query.go:482.16,485.3 2 0
github.com/adnilis/wma/plugins/mysql/query.go:487.2,488.12 2 0
github.com/adnilis/wma/plugins/mysql/query.go:493.65,494.19 1 0
github.com/adnilis/wma/plugins/mysql/query.go:494.19,496.3 1 0
github.com/adnilis/wma/plugins/mysql/query.go:497.2,504.17 5 0
github.com/adnilis/wma/plugins/mysql/query.go:504.17,506.3 1 0
github.com/adnilis/wma/plugins/mysql/query.go:509.2,510.20 2 0
github.com/adnilis/wma/plugins/mysql/query.go:510.20,512.3 1 0
github.com/adnilis/wma/plugins/mysql/query.go:514.2,515.16 2 0
github.com/adnilis/wma/plugins/mysql/query.go:515.16,517.3 1 0
github.com/adnilis/wma/plugins/mysql/query.go:519.2,523.16 4 0
github.com/adnilis/wma/plugins/mysql/query.go:523.16,526.3 2 0
github.com/adnilis/wma/plugins/mysql/query.go:528.2,529.12 2 0
github.com/adnilis/wma/plugins/mysql/scanner.go:41.46,43.39 1 1
github.com/adnilis/wma/plugins/mysql/scanner.go:43.39,45.3 1 1
github.com/adnilis/wma/plugins/mysql/scanner.go:48.2,55.36 2 1
github.com/adnilis/wma/plugins/mysql/scanner.go:55.36,58.30 3 1
github.com/adnilis/wma/plugins/mysql/scanner.go:58.30,59.12 1 1
github.com/adnilis/wma/plugins/mysql/scanner.go:63.3,67.18 3 1
github.com/adnilis/wma/plugins/mysql/scanner.go:67.18,70.4 2 1
github.com/adnilis/wma/plugins/mysql/scanner.go:74.2,75.28 2 1
github.com/adnilis/wma/plugins/mysql/scanner.go:81.49,82.37 1 1
github.com/adnilis/wma/plugins/mysql/scanner.go:82.37,84.3 1 0
github.com/adnilis/wma/plugins/mysql/scanner.go:85.2,85.22 1 1
github.com/adnilis/wma/plugins/mysql/scanner.go:85.22,112.33 20 1
github.com/adnilis/wma/plugins/mysql/scanner.go:112.33,113.13 1 1
github.com/adnilis/wma/plugins/mysql/scanner.go:113.13,115.5 1 1
github.com/adnilis/wma/plugins/mysql/scanner.go:116.4,117.25 2 1
github.com/adnilis/wma/plugins/mysql/scanner.go:119.3,122.23 2 1
github.com/adnilis/wma/plugins/mysql/scanner.go:122.23,131.4 8 1
github.com/adnilis/wma/plugins/mysql/scanner.go:134.3,135.15 2 1
github.com/adnilis/wma/plugins/mysql/scanner.go:135.15,137.4 1 1
github.com/adnilis/wma/plugins/mysql/scanner.go:138.3,149.23 9 1
github.com/adnilis/wma/plugins/mysql/scanner.go:149.23,151.4 1 1
github.com/adnilis/wma/plugins/mysql/scanner.go:152.3,153.33 2 1
github.com/adnilis/wma/plugins/mysql/scanner.go:153.33,154.25 1 1
github.com/adnilis/wma/plugins/mysql/scanner.go:154.25,156.10 2 1
github.com/adnilis/wma/plugins/mysql/scanner.go:159.3,159.16 1 1
github.com/adnilis/wma/plugins/mysql/scanner.go:159.16,161.4 1 0
github.com/adnilis/wma/plugins/mysql/scanner.go:162.3,168.33 7 1
github.com/adnilis/wma/plugins/mysql/scanner.go:168.33,169.25 1 1
github.com/adnilis/wma/plugins/mysql/scanner.go:169.25,170.13 1 1
github.com/adnilis/wma/plugins/mysql/scanner.go:172.4,172.14 1 1
github.com/adnilis/wma/plugins/mysql/scanner.go:172.14,174.5 1 1
github.com/adnilis/wma/plugins/mysql/scanner.go:175.4,177.26 3 1
github.com/adnilis/wma/plugins/mysql/scanner.go:179.3,182.32 4 1
github.com/adnilis/wma/plugins/mysql/scanner.go:197.50,198.18 1 1
github.com/adnilis/wma/plugins/mysql/scanner.go:198.18,200.3 1 1
github.com/adnilis/wma/plugins/mysql/scanner.go:202.2,203.56 2 1
github.com/adnilis/wma/plugins/mysql/scanner.go:203.56,205.3 1 1
github.com/adnilis/wma/plugins/mysql/scanner.go:207.2,210.37 2 1
github.com/adnilis/wma/plugins/mysql/scanner.go:210.37,213.3 2 1
github.com/adnilis/wma/plugins/mysql/scanner.go:216.2,228.3 4 1
github.com/adnilis/wma/plugins/mysql/scanner.go:238.49,239.38 1 1
github.com/adnilis/wma/plugins/mysql/scanner.go:239.38,241.3 1 1
github.com/adnilis/wma/plugins/mysql/scanner.go:243.2,244.42 2 1
github.com/adnilis/wma/plugins/mysql/scanner.go:244.42,249.3 1 1
github.com/adnilis/wma/plugins/mysql/scanner.go:250.2,250.15 1 1
github.com/adnilis/wma/plugins/mysql/scanner.go:255.69,256.69 1 1
github.com/adnilis/wma/plugins/mysql/scanner.go:256.69,258.3 1 1
github.com/adnilis/wma/plugins/mysql/scanner.go:259.2,259.79 1 1
github.com/adnilis/wma/plugins/mysql/scanner.go:265.65,266.49 1 1
github.com/adnilis/wma/plugins/mysql/scanner.go:266.49,268.3 1 0
github.com/adnilis/wma/plugins/mysql/scanner.go:270.2,271.42 2 1
github.com/adnilis/wma/plugins/mysql/scanner.go:271.42,273.3 1 1
github.com/adnilis/wma/plugins/mysql/scanner.go:275.2,275.37 1 1
github.com/adnilis/wma/plugins/mysql/scanner.go:281.65,282.50 1 1
github.com/adnilis/wma/plugins/mysql/scanner.go:282.50,284.3 1 0
github.com/adnilis/wma/plugins/mysql/scanner.go:286.2,287.42 2 1
github.com/adnilis/wma/plugins/mysql/scanner.go:287.42,289.3 1 1
github.com/adnilis/wma/plugins/mysql/scanner.go:291.2,291.40 1 1
github.com/adnilis/wma/plugins/mysql/scanner.go:296.75,297.46 1 1
github.com/adnilis/wma/plugins/mysql/scanner.go:297.46,299.3 1 1
github.com/adnilis/wma/plugins/mysql/scanner.go:300.2,300.33 1 1
github.com/adnilis/wma/plugins/mysql/scanner.go:300.33,302.3 1 0
github.com/adnilis/wma/plugins/mysql/scanner.go:305.2,306.42 2 1
github.com/adnilis/wma/plugins/mysql/scanner.go:306.42,307.35 1 1
github.com/adnilis/wma/plugins/mysql/scanner.go:307.35,309.4 1 1
github.com/adnilis/wma/plugins/mysql/scanner.go:311.2,312.42 2 1
github.com/adnilis/wma/plugins/mysql/scanner.go:312.42,313.35 1 1
github.com/adnilis/wma/plugins/mysql/scanner.go:313.35,314.12 1 1
github.com/adnilis/wma/plugins/mysql/scanner.go:316.3,316.68 1 1
github.com/adnilis/wma/plugins/mysql/scanner.go:319.2,319.15 1 1
github.com/adnilis/wma/plugins/mysql/scanner.go:319.15,321.3 1 1
github.com/adnilis/wma/plugins/mysql/scanner.go:321.8,321.33 1 1
github.com/adnilis/wma/plugins/mysql/scanner.go:321.33,323.3 1 1
github.com/adnilis/wma/plugins/mysql/scanner.go:323.8,325.3 1 0
github.com/adnilis/wma/plugins/mysql/scanner.go:327.2,327.41 1 1
github.com/adnilis/wma/plugins/mysql/scanner.go:332.75,333.20 1 1
github.com/adnilis/wma/plugins/mysql/scanner.go:333.20,335.3 1 0
github.com/adnilis/wma/plugins/mysql/scanner.go:336.2,336.51 1 1
github.com/adnilis/wma/plugins/mysql/scanner.go:336.51,338.3 1 1
github.com/adnilis/wma/plugins/mysql/scanner.go:339.2,339.46 1 1
github.com/adnilis/wma/plugins/mysql/scanner.go:343.90,348.17 5 1
github.com/adnilis/wma/plugins/mysql/scanner.go:348.17,351.3 2 1
github.com/adnilis/wma/plugins/mysql/scanner.go:352.2,352.36 1 1
github.com/adnilis/wma/plugins/mysql/scanner.go:357.53,358.51 1 1
github.com/adnilis/wma/plugins/mysql/scanner.go:358.51,361.47 2 0
github.com/adnilis/wma/plugins/mysql/scanner.go:361.47,363.4 1 0
github.com/adnilis/wma/plugins/mysql/scanner.go:364.3,364.63 1 0
github.com/adnilis/wma/plugins/mysql/scanner.go:366.2,366.30 1 1
github.com/adnilis/wma/plugins/mysql/transaction.go:20.62,25.16 4 1
github.com/adnilis/wma/plugins/mysql/transaction.go:25.16,28.3 2 1
github.com/adnilis/wma/plugins/mysql/transaction.go:30.2,31.12 2 1
github.com/adnilis/wma/plugins/mysql/transaction.go:36.64,41.40 4 1
github.com/adnilis/wma/plugins/mysql/transaction.go:41.40,44.3 2 0
github.com/adnilis/wma/plugins/mysql/transaction.go:46.2,47.12 2 1
github.com/adnilis/wma/plugins/mysql/transaction.go:51.112,56.16 4 0
github.com/adnilis/wma/plugins/mysql/transaction.go:56.16,59.3 2 0
github.com/adnilis/wma/plugins/mysql/transaction.go:61.2,62.12 2 0
github.com/adnilis/wma/plugins/mysql/transaction.go:66.115,71.16 4 1
github.com/adnilis/wma/plugins/mysql/transaction.go:71.16,74.3 2 0
github.com/adnilis/wma/plugins/mysql/transaction.go:76.2,77.12 2 1
github.com/adnilis/wma/plugins/mysql/transaction.go:81.109,86.16 4 1
github.com/adnilis/wma/plugins/mysql/transaction.go:86.16,89.3 2 0
github.com/adnilis/wma/plugins/mysql/transaction.go:91.2,93.20 3 1
